============================= test session starts =============================
platform win32 -- Python 3.14.2, pytest-9.0.1, pluggy-1.6.0 -- C:\Users\semih\AppData\Local\Programs\Python\Python314\python.exe
cachedir: .pytest_cache
rootdir: D:\PROJECT\LOJINEXTv2\services\trip-service
configfile: pyproject.toml
plugins: anyio-4.12.0, asyncio-1.3.0, cov-7.0.0, respx-0.22.0
asyncio: mode=Mode.AUTO, debug=False, asyncio_default_fixture_loop_scope=session, asyncio_default_test_loop_scope=function
collecting ... collected 19 items

tests/test_workers.py::test_enrichment_helper_functions_cover_backoff_and_status_derivation INFO  [alembic.runtime.migration] Context impl PostgresqlImpl.
INFO  [alembic.runtime.migration] Will assume transactional DDL.
INFO  [alembic.runtime.migration] Running upgrade  -> a1b2c3d4e5f6, trip_service_baseline
INFO  [alembic.runtime.migration] Running upgrade a1b2c3d4e5f6 -> b2c3d4e5f6a1, add outbox claims
INFO  [alembic.runtime.migration] Running upgrade b2c3d4e5f6a1 -> c1d2e3f4a5b6, add worker heartbeats
INFO  [alembic.runtime.migration] Running upgrade c1d2e3f4a5b6 -> d1e2f3a4b5c6, add trip audit log table
INFO  [alembic.runtime.migration] Running upgrade d1e2f3a4b5c6 -> e1f2a3b4c5d6, fix column length drift: align migration schema to model definitions
INFO  [alembic.runtime.migration] Running upgrade e1f2a3b4c5d6 -> f1a2b3c4d5e6, final forensic parity
INFO  [alembic.runtime.migration] Running upgrade f1a2b3c4d5e6 -> a9c8e7f6d5b4, trip outbox payload_json text alignment
2026-04-12 09:35:11,986 INFO sqlalchemy.engine.Engine select pg_catalog.version()
INFO  [sqlalchemy.engine.Engine] select pg_catalog.version()
2026-04-12 09:35:11,986 INFO sqlalchemy.engine.Engine [raw sql] ()
INFO  [sqlalchemy.engine.Engine] [raw sql] ()
2026-04-12 09:35:11,990 INFO sqlalchemy.engine.Engine select current_schema()
INFO  [sqlalchemy.engine.Engine] select current_schema()
2026-04-12 09:35:11,990 INFO sqlalchemy.engine.Engine [raw sql] ()
INFO  [sqlalchemy.engine.Engine] [raw sql] ()
2026-04-12 09:35:11,994 INFO sqlalchemy.engine.Engine show standard_conforming_strings
INFO  [sqlalchemy.engine.Engine] show standard_conforming_strings
2026-04-12 09:35:11,994 INFO sqlalchemy.engine.Engine [raw sql] ()
INFO  [sqlalchemy.engine.Engine] [raw sql] ()
2026-04-12 09:35:11,996 INFO sqlalchemy.engine.Engine BEGIN (implicit)
INFO  [sqlalchemy.engine.Engine] BEGIN (implicit)
2026-04-12 09:35:11,997 INFO sqlalchemy.engine.Engine TRUNCATE TABLE trip_trip_timeline, trip_trip_evidence, trip_trip_enrichment, trip_trip_delete_audit, trip_outbox, trip_idempotency_records, trip_trips, worker_heartbeats CASCADE
INFO  [sqlalchemy.engine.Engine] TRUNCATE TABLE trip_trip_timeline, trip_trip_evidence, trip_trip_enrichment, trip_trip_delete_audit, trip_outbox, trip_idempotency_records, trip_trips, worker_heartbeats CASCADE
2026-04-12 09:35:11,997 INFO sqlalchemy.engine.Engine [generated in 0.00018s] ()
INFO  [sqlalchemy.engine.Engine] [generated in 0.00018s] ()
2026-04-12 09:35:12,203 INFO sqlalchemy.engine.Engine COMMIT
INFO  [sqlalchemy.engine.Engine] COMMIT
PASSED2026-04-12 09:35:12,266 INFO sqlalchemy.engine.Engine BEGIN (implicit)
INFO  [sqlalchemy.engine.Engine] BEGIN (implicit)
2026-04-12 09:35:12,266 INFO sqlalchemy.engine.Engine TRUNCATE TABLE trip_trip_timeline, trip_trip_evidence, trip_trip_enrichment, trip_trip_delete_audit, trip_outbox, trip_idempotency_records, trip_trips, worker_heartbeats CASCADE
INFO  [sqlalchemy.engine.Engine] TRUNCATE TABLE trip_trip_timeline, trip_trip_evidence, trip_trip_enrichment, trip_trip_delete_audit, trip_outbox, trip_idempotency_records, trip_trips, worker_heartbeats CASCADE
2026-04-12 09:35:12,266 INFO sqlalchemy.engine.Engine [cached since 0.2692s ago] ()
INFO  [sqlalchemy.engine.Engine] [cached since 0.2692s ago] ()
2026-04-12 09:35:12,457 INFO sqlalchemy.engine.Engine COMMIT
INFO  [sqlalchemy.engine.Engine] COMMIT

tests/test_workers.py::test_outbox_first_failure_backoff_is_five_seconds 2026-04-12 09:35:12,536 INFO sqlalchemy.engine.Engine select pg_catalog.version()
INFO  [sqlalchemy.engine.Engine] select pg_catalog.version()
2026-04-12 09:35:12,537 INFO sqlalchemy.engine.Engine [raw sql] ()
INFO  [sqlalchemy.engine.Engine] [raw sql] ()
2026-04-12 09:35:12,541 INFO sqlalchemy.engine.Engine select current_schema()
INFO  [sqlalchemy.engine.Engine] select current_schema()
2026-04-12 09:35:12,541 INFO sqlalchemy.engine.Engine [raw sql] ()
INFO  [sqlalchemy.engine.Engine] [raw sql] ()
2026-04-12 09:35:12,545 INFO sqlalchemy.engine.Engine show standard_conforming_strings
INFO  [sqlalchemy.engine.Engine] show standard_conforming_strings
2026-04-12 09:35:12,545 INFO sqlalchemy.engine.Engine [raw sql] ()
INFO  [sqlalchemy.engine.Engine] [raw sql] ()
2026-04-12 09:35:12,548 INFO sqlalchemy.engine.Engine BEGIN (implicit)
INFO  [sqlalchemy.engine.Engine] BEGIN (implicit)
2026-04-12 09:35:12,548 INFO sqlalchemy.engine.Engine TRUNCATE TABLE trip_trip_timeline, trip_trip_evidence, trip_trip_enrichment, trip_trip_delete_audit, trip_outbox, trip_idempotency_records, trip_trips, worker_heartbeats CASCADE
INFO  [sqlalchemy.engine.Engine] TRUNCATE TABLE trip_trip_timeline, trip_trip_evidence, trip_trip_enrichment, trip_trip_delete_audit, trip_outbox, trip_idempotency_records, trip_trips, worker_heartbeats CASCADE
2026-04-12 09:35:12,548 INFO sqlalchemy.engine.Engine [generated in 0.00017s] ()
INFO  [sqlalchemy.engine.Engine] [generated in 0.00017s] ()
2026-04-12 09:35:12,712 INFO sqlalchemy.engine.Engine COMMIT
INFO  [sqlalchemy.engine.Engine] COMMIT
2026-04-12 09:35:12,782 INFO sqlalchemy.engine.Engine BEGIN (implicit)
INFO  [sqlalchemy.engine.Engine] BEGIN (implicit)
2026-04-12 09:35:12,786 INFO sqlalchemy.engine.Engine INSERT INTO trip_outbox (event_id, aggregate_type, aggregate_id, aggregate_version, event_name, schema_version, payload_json, partition_key, publish_status, attempt_count, created_at_utc) VALUES ($1::VARCHAR, $2::VARCHAR, $3::VARCHAR, $4::INTEGER, $5::VARCHAR, $6::INTEGER, $7::VARCHAR, $8::VARCHAR, $9::VARCHAR, $10::INTEGER, $11::TIMESTAMP WITH TIME ZONE)
INFO  [sqlalchemy.engine.Engine] INSERT INTO trip_outbox (event_id, aggregate_type, aggregate_id, aggregate_version, event_name, schema_version, payload_json, partition_key, publish_status, attempt_count, created_at_utc) VALUES ($1::VARCHAR, $2::VARCHAR, $3::VARCHAR, $4::INTEGER, $5::VARCHAR, $6::INTEGER, $7::VARCHAR, $8::VARCHAR, $9::VARCHAR, $10::INTEGER, $11::TIMESTAMP WITH TIME ZONE)
2026-04-12 09:35:12,786 INFO sqlalchemy.engine.Engine [generated in 0.00058s] ('01JATWORKEROUTBOX000000001', 'TRIP', 'TRIP-WORKER-001', 1, 'trip.created.v1', 1, '{}', 'TRIP-WORKER-001', 'PENDING', 0, datetime.datetime(2026, 4, 12, 6, 35, 12, 725108, tzinfo=datetime.timezone.utc))
INFO  [sqlalchemy.engine.Engine] [generated in 0.00058s] ('01JATWORKEROUTBOX000000001', 'TRIP', 'TRIP-WORKER-001', 1, 'trip.created.v1', 1, '{}', 'TRIP-WORKER-001', 'PENDING', 0, datetime.datetime(2026, 4, 12, 6, 35, 12, 725108, tzinfo=datetime.timezone.utc))
2026-04-12 09:35:12,795 INFO sqlalchemy.engine.Engine COMMIT
INFO  [sqlalchemy.engine.Engine] COMMIT
2026-04-12 09:35:12,889 INFO sqlalchemy.engine.Engine BEGIN (implicit)
INFO  [sqlalchemy.engine.Engine] BEGIN (implicit)
2026-04-12 09:35:12,893 INFO sqlalchemy.engine.Engine SELECT trip_outbox_1.event_id 
FROM trip_outbox AS trip_outbox_1 
WHERE (trip_outbox_1.publish_status IN ($6::VARCHAR, $7::VARCHAR, $8::VARCHAR) OR trip_outbox_1.publish_status = $1::VARCHAR AND trip_outbox_1.claim_expires_at_utc < $2::TIMESTAMP WITH TIME ZONE) AND (trip_outbox_1.next_attempt_at_utc IS NULL OR trip_outbox_1.next_attempt_at_utc <= $3::TIMESTAMP WITH TIME ZONE) AND NOT (EXISTS (SELECT 1 
FROM trip_outbox AS trip_outbox_2 
WHERE trip_outbox_2.partition_key = trip_outbox_1.partition_key AND trip_outbox_2.publish_status != $4::VARCHAR AND trip_outbox_2.created_at_utc < trip_outbox_1.created_at_utc)) ORDER BY trip_outbox_1.created_at_utc ASC 
 LIMIT $5::INTEGER FOR UPDATE SKIP LOCKED
INFO  [sqlalchemy.engine.Engine] SELECT trip_outbox_1.event_id 
FROM trip_outbox AS trip_outbox_1 
WHERE (trip_outbox_1.publish_status IN ($6::VARCHAR, $7::VARCHAR, $8::VARCHAR) OR trip_outbox_1.publish_status = $1::VARCHAR AND trip_outbox_1.claim_expires_at_utc < $2::TIMESTAMP WITH TIME ZONE) AND (trip_outbox_1.next_attempt_at_utc IS NULL OR trip_outbox_1.next_attempt_at_utc <= $3::TIMESTAMP WITH TIME ZONE) AND NOT (EXISTS (SELECT 1 
FROM trip_outbox AS trip_outbox_2 
WHERE trip_outbox_2.partition_key = trip_outbox_1.partition_key AND trip_outbox_2.publish_status != $4::VARCHAR AND trip_outbox_2.created_at_utc < trip_outbox_1.created_at_utc)) ORDER BY trip_outbox_1.created_at_utc ASC 
 LIMIT $5::INTEGER FOR UPDATE SKIP LOCKED
2026-04-12 09:35:12,893 INFO sqlalchemy.engine.Engine [generated in 0.00043s] ('PUBLISHING', datetime.datetime(2026, 4, 12, 6, 35, 12, 807049, tzinfo=datetime.timezone.utc), datetime.datetime(2026, 4, 12, 6, 35, 12, 807049, tzinfo=datetime.timezone.utc), 'PUBLISHED', 10, 'PENDING', 'READY', 'FAILED')
INFO  [sqlalchemy.engine.Engine] [generated in 0.00043s] ('PUBLISHING', datetime.datetime(2026, 4, 12, 6, 35, 12, 807049, tzinfo=datetime.timezone.utc), datetime.datetime(2026, 4, 12, 6, 35, 12, 807049, tzinfo=datetime.timezone.utc), 'PUBLISHED', 10, 'PENDING', 'READY', 'FAILED')
2026-04-12 09:35:12,909 INFO sqlalchemy.engine.Engine UPDATE trip_outbox SET publish_status=$1::VARCHAR, next_attempt_at_utc=$2::TIMESTAMP WITH TIME ZONE, claim_token=$3::VARCHAR, claim_expires_at_utc=$4::TIMESTAMP WITH TIME ZONE, claimed_by_worker=$5::VARCHAR WHERE trip_outbox.event_id IN ($6::VARCHAR)
INFO  [sqlalchemy.engine.Engine] UPDATE trip_outbox SET publish_status=$1::VARCHAR, next_attempt_at_utc=$2::TIMESTAMP WITH TIME ZONE, claim_token=$3::VARCHAR, claim_expires_at_utc=$4::TIMESTAMP WITH TIME ZONE, claimed_by_worker=$5::VARCHAR WHERE trip_outbox.event_id IN ($6::VARCHAR)
2026-04-12 09:35:12,909 INFO sqlalchemy.engine.Engine [generated in 0.00034s] ('PUBLISHING', None, '6200e485-372b-4113-97c6-1b542d341fcf', datetime.datetime(2026, 4, 12, 6, 36, 12, 807049, tzinfo=datetime.timezone.utc), 'test-worker', '01JATWORKEROUTBOX000000001')
INFO  [sqlalchemy.engine.Engine] [generated in 0.00034s] ('PUBLISHING', None, '6200e485-372b-4113-97c6-1b542d341fcf', datetime.datetime(2026, 4, 12, 6, 36, 12, 807049, tzinfo=datetime.timezone.utc), 'test-worker', '01JATWORKEROUTBOX000000001')
2026-04-12 09:35:12,912 INFO sqlalchemy.engine.Engine COMMIT
INFO  [sqlalchemy.engine.Engine] COMMIT
2026-04-12 09:35:12,975 INFO sqlalchemy.engine.Engine BEGIN (implicit)
INFO  [sqlalchemy.engine.Engine] BEGIN (implicit)
2026-04-12 09:35:12,977 INFO sqlalchemy.engine.Engine SELECT trip_outbox.event_name, trip_outbox.partition_key, trip_outbox.payload_json, trip_outbox.schema_version, trip_outbox.aggregate_type, trip_outbox.aggregate_id, trip_outbox.attempt_count, trip_outbox.causation_id 
FROM trip_outbox 
WHERE trip_outbox.event_id = $1::VARCHAR AND trip_outbox.claim_token = $2::VARCHAR FOR UPDATE
INFO  [sqlalchemy.engine.Engine] SELECT trip_outbox.event_name, trip_outbox.partition_key, trip_outbox.payload_json, trip_outbox.schema_version, trip_outbox.aggregate_type, trip_outbox.aggregate_id, trip_outbox.attempt_count, trip_outbox.causation_id 
FROM trip_outbox 
WHERE trip_outbox.event_id = $1::VARCHAR AND trip_outbox.claim_token = $2::VARCHAR FOR UPDATE
2026-04-12 09:35:12,977 INFO sqlalchemy.engine.Engine [generated in 0.00019s] ('01JATWORKEROUTBOX000000001', '6200e485-372b-4113-97c6-1b542d341fcf')
INFO  [sqlalchemy.engine.Engine] [generated in 0.00019s] ('01JATWORKEROUTBOX000000001', '6200e485-372b-4113-97c6-1b542d341fcf')
2026-04-12 09:35:12,981 INFO sqlalchemy.engine.Engine ROLLBACK
INFO  [sqlalchemy.engine.Engine] ROLLBACK
2026-04-12 09:35:13,047 INFO sqlalchemy.engine.Engine BEGIN (implicit)
INFO  [sqlalchemy.engine.Engine] BEGIN (implicit)
2026-04-12 09:35:13,049 INFO sqlalchemy.engine.Engine SELECT trip_outbox.event_id AS trip_outbox_event_id, trip_outbox.aggregate_type AS trip_outbox_aggregate_type, trip_outbox.aggregate_id AS trip_outbox_aggregate_id, trip_outbox.aggregate_version AS trip_outbox_aggregate_version, trip_outbox.event_name AS trip_outbox_event_name, trip_outbox.schema_version AS trip_outbox_schema_version, trip_outbox.payload_json AS trip_outbox_payload_json, trip_outbox.partition_key AS trip_outbox_partition_key, trip_outbox.causation_id AS trip_outbox_causation_id, trip_outbox.publish_status AS trip_outbox_publish_status, trip_outbox.attempt_count AS trip_outbox_attempt_count, trip_outbox.next_attempt_at_utc AS trip_outbox_next_attempt_at_utc, trip_outbox.last_error_code AS trip_outbox_last_error_code, trip_outbox.claim_token AS trip_outbox_claim_token, trip_outbox.claim_expires_at_utc AS trip_outbox_claim_expires_at_utc, trip_outbox.claimed_by_worker AS trip_outbox_claimed_by_worker, trip_outbox.created_at_utc AS trip_outbox_created_at_utc, trip_outbox.published_at_utc AS trip_outbox_published_at_utc 
FROM trip_outbox 
WHERE trip_outbox.event_id = $1::VARCHAR
INFO  [sqlalchemy.engine.Engine] SELECT trip_outbox.event_id AS trip_outbox_event_id, trip_outbox.aggregate_type AS trip_outbox_aggregate_type, trip_outbox.aggregate_id AS trip_outbox_aggregate_id, trip_outbox.aggregate_version AS trip_outbox_aggregate_version, trip_outbox.event_name AS trip_outbox_event_name, trip_outbox.schema_version AS trip_outbox_schema_version, trip_outbox.payload_json AS trip_outbox_payload_json, trip_outbox.partition_key AS trip_outbox_partition_key, trip_outbox.causation_id AS trip_outbox_causation_id, trip_outbox.publish_status AS trip_outbox_publish_status, trip_outbox.attempt_count AS trip_outbox_attempt_count, trip_outbox.next_attempt_at_utc AS trip_outbox_next_attempt_at_utc, trip_outbox.last_error_code AS trip_outbox_last_error_code, trip_outbox.claim_token AS trip_outbox_claim_token, trip_outbox.claim_expires_at_utc AS trip_outbox_claim_expires_at_utc, trip_outbox.claimed_by_worker AS trip_outbox_claimed_by_worker, trip_outbox.created_at_utc AS trip_outbox_created_at_utc, trip_outbox.published_at_utc AS trip_outbox_published_at_utc 
FROM trip_outbox 
WHERE trip_outbox.event_id = $1::VARCHAR
2026-04-12 09:35:13,050 INFO sqlalchemy.engine.Engine [generated in 0.00040s] ('01JATWORKEROUTBOX000000001',)
INFO  [sqlalchemy.engine.Engine] [generated in 0.00040s] ('01JATWORKEROUTBOX000000001',)
2026-04-12 09:35:13,054 INFO sqlalchemy.engine.Engine ROLLBACK
INFO  [sqlalchemy.engine.Engine] ROLLBACK
FAILED2026-04-12 09:35:14,097 INFO sqlalchemy.engine.Engine BEGIN (implicit)
INFO  [sqlalchemy.engine.Engine] BEGIN (implicit)
2026-04-12 09:35:14,097 INFO sqlalchemy.engine.Engine TRUNCATE TABLE trip_trip_timeline, trip_trip_evidence, trip_trip_enrichment, trip_trip_delete_audit, trip_outbox, trip_idempotency_records, trip_trips, worker_heartbeats CASCADE
INFO  [sqlalchemy.engine.Engine] TRUNCATE TABLE trip_trip_timeline, trip_trip_evidence, trip_trip_enrichment, trip_trip_delete_audit, trip_outbox, trip_idempotency_records, trip_trips, worker_heartbeats CASCADE
2026-04-12 09:35:14,097 INFO sqlalchemy.engine.Engine [cached since 1.549s ago] ()
INFO  [sqlalchemy.engine.Engine] [cached since 1.549s ago] ()
2026-04-12 09:35:14,258 INFO sqlalchemy.engine.Engine COMMIT
INFO  [sqlalchemy.engine.Engine] COMMIT

tests/test_workers.py::test_outbox_dead_letters_at_configured_ceiling 2026-04-12 09:35:14,319 INFO sqlalchemy.engine.Engine select pg_catalog.version()
INFO  [sqlalchemy.engine.Engine] select pg_catalog.version()
2026-04-12 09:35:14,319 INFO sqlalchemy.engine.Engine [raw sql] ()
INFO  [sqlalchemy.engine.Engine] [raw sql] ()
2026-04-12 09:35:14,323 INFO sqlalchemy.engine.Engine select current_schema()
INFO  [sqlalchemy.engine.Engine] select current_schema()
2026-04-12 09:35:14,323 INFO sqlalchemy.engine.Engine [raw sql] ()
INFO  [sqlalchemy.engine.Engine] [raw sql] ()
2026-04-12 09:35:14,326 INFO sqlalchemy.engine.Engine show standard_conforming_strings
INFO  [sqlalchemy.engine.Engine] show standard_conforming_strings
2026-04-12 09:35:14,326 INFO sqlalchemy.engine.Engine [raw sql] ()
INFO  [sqlalchemy.engine.Engine] [raw sql] ()
2026-04-12 09:35:14,329 INFO sqlalchemy.engine.Engine BEGIN (implicit)
INFO  [sqlalchemy.engine.Engine] BEGIN (implicit)
2026-04-12 09:35:14,329 INFO sqlalchemy.engine.Engine TRUNCATE TABLE trip_trip_timeline, trip_trip_evidence, trip_trip_enrichment, trip_trip_delete_audit, trip_outbox, trip_idempotency_records, trip_trips, worker_heartbeats CASCADE
INFO  [sqlalchemy.engine.Engine] TRUNCATE TABLE trip_trip_timeline, trip_trip_evidence, trip_trip_enrichment, trip_trip_delete_audit, trip_outbox, trip_idempotency_records, trip_trips, worker_heartbeats CASCADE
2026-04-12 09:35:14,329 INFO sqlalchemy.engine.Engine [generated in 0.00016s] ()
INFO  [sqlalchemy.engine.Engine] [generated in 0.00016s] ()
2026-04-12 09:35:14,495 INFO sqlalchemy.engine.Engine COMMIT
INFO  [sqlalchemy.engine.Engine] COMMIT
FAILED2026-04-12 09:35:14,601 INFO sqlalchemy.engine.Engine BEGIN (implicit)
INFO  [sqlalchemy.engine.Engine] BEGIN (implicit)
2026-04-12 09:35:14,601 INFO sqlalchemy.engine.Engine TRUNCATE TABLE trip_trip_timeline, trip_trip_evidence, trip_trip_enrichment, trip_trip_delete_audit, trip_outbox, trip_idempotency_records, trip_trips, worker_heartbeats CASCADE
INFO  [sqlalchemy.engine.Engine] TRUNCATE TABLE trip_trip_timeline, trip_trip_evidence, trip_trip_enrichment, trip_trip_delete_audit, trip_outbox, trip_idempotency_records, trip_trips, worker_heartbeats CASCADE
2026-04-12 09:35:14,601 INFO sqlalchemy.engine.Engine [cached since 0.2722s ago] ()
INFO  [sqlalchemy.engine.Engine] [cached since 0.2722s ago] ()
2026-04-12 09:35:14,760 INFO sqlalchemy.engine.Engine COMMIT
INFO  [sqlalchemy.engine.Engine] COMMIT

tests/test_workers.py::test_outbox_backoff_helper_caps_after_fifth_window 2026-04-12 09:35:14,820 INFO sqlalchemy.engine.Engine select pg_catalog.version()
INFO  [sqlalchemy.engine.Engine] select pg_catalog.version()
2026-04-12 09:35:14,821 INFO sqlalchemy.engine.Engine [raw sql] ()
INFO  [sqlalchemy.engine.Engine] [raw sql] ()
2026-04-12 09:35:14,823 INFO sqlalchemy.engine.Engine select current_schema()
INFO  [sqlalchemy.engine.Engine] select current_schema()
2026-04-12 09:35:14,824 INFO sqlalchemy.engine.Engine [raw sql] ()
INFO  [sqlalchemy.engine.Engine] [raw sql] ()
2026-04-12 09:35:14,827 INFO sqlalchemy.engine.Engine show standard_conforming_strings
INFO  [sqlalchemy.engine.Engine] show standard_conforming_strings
2026-04-12 09:35:14,827 INFO sqlalchemy.engine.Engine [raw sql] ()
INFO  [sqlalchemy.engine.Engine] [raw sql] ()
2026-04-12 09:35:14,829 INFO sqlalchemy.engine.Engine BEGIN (implicit)
INFO  [sqlalchemy.engine.Engine] BEGIN (implicit)
2026-04-12 09:35:14,829 INFO sqlalchemy.engine.Engine TRUNCATE TABLE trip_trip_timeline, trip_trip_evidence, trip_trip_enrichment, trip_trip_delete_audit, trip_outbox, trip_idempotency_records, trip_trips, worker_heartbeats CASCADE
INFO  [sqlalchemy.engine.Engine] TRUNCATE TABLE trip_trip_timeline, trip_trip_evidence, trip_trip_enrichment, trip_trip_delete_audit, trip_outbox, trip_idempotency_records, trip_trips, worker_heartbeats CASCADE
2026-04-12 09:35:14,829 INFO sqlalchemy.engine.Engine [generated in 0.00014s] ()
INFO  [sqlalchemy.engine.Engine] [generated in 0.00014s] ()
2026-04-12 09:35:14,994 INFO sqlalchemy.engine.Engine COMMIT
INFO  [sqlalchemy.engine.Engine] COMMIT
FAILED2026-04-12 09:35:15,076 INFO sqlalchemy.engine.Engine BEGIN (implicit)
INFO  [sqlalchemy.engine.Engine] BEGIN (implicit)
2026-04-12 09:35:15,077 INFO sqlalchemy.engine.Engine TRUNCATE TABLE trip_trip_timeline, trip_trip_evidence, trip_trip_enrichment, trip_trip_delete_audit, trip_outbox, trip_idempotency_records, trip_trips, worker_heartbeats CASCADE
INFO  [sqlalchemy.engine.Engine] TRUNCATE TABLE trip_trip_timeline, trip_trip_evidence, trip_trip_enrichment, trip_trip_delete_audit, trip_outbox, trip_idempotency_records, trip_trips, worker_heartbeats CASCADE
2026-04-12 09:35:15,077 INFO sqlalchemy.engine.Engine [cached since 0.2478s ago] ()
INFO  [sqlalchemy.engine.Engine] [cached since 0.2478s ago] ()
2026-04-12 09:35:15,255 INFO sqlalchemy.engine.Engine COMMIT
INFO  [sqlalchemy.engine.Engine] COMMIT

tests/test_workers.py::test_claim_batch_skips_failed_rows_at_retry_ceiling 2026-04-12 09:35:15,319 INFO sqlalchemy.engine.Engine select pg_catalog.version()
INFO  [sqlalchemy.engine.Engine] select pg_catalog.version()
2026-04-12 09:35:15,319 INFO sqlalchemy.engine.Engine [raw sql] ()
INFO  [sqlalchemy.engine.Engine] [raw sql] ()
2026-04-12 09:35:15,322 INFO sqlalchemy.engine.Engine select current_schema()
INFO  [sqlalchemy.engine.Engine] select current_schema()
2026-04-12 09:35:15,322 INFO sqlalchemy.engine.Engine [raw sql] ()
INFO  [sqlalchemy.engine.Engine] [raw sql] ()
2026-04-12 09:35:15,325 INFO sqlalchemy.engine.Engine show standard_conforming_strings
INFO  [sqlalchemy.engine.Engine] show standard_conforming_strings
2026-04-12 09:35:15,325 INFO sqlalchemy.engine.Engine [raw sql] ()
INFO  [sqlalchemy.engine.Engine] [raw sql] ()
2026-04-12 09:35:15,327 INFO sqlalchemy.engine.Engine BEGIN (implicit)
INFO  [sqlalchemy.engine.Engine] BEGIN (implicit)
2026-04-12 09:35:15,327 INFO sqlalchemy.engine.Engine TRUNCATE TABLE trip_trip_timeline, trip_trip_evidence, trip_trip_enrichment, trip_trip_delete_audit, trip_outbox, trip_idempotency_records, trip_trips, worker_heartbeats CASCADE
INFO  [sqlalchemy.engine.Engine] TRUNCATE TABLE trip_trip_timeline, trip_trip_evidence, trip_trip_enrichment, trip_trip_delete_audit, trip_outbox, trip_idempotency_records, trip_trips, worker_heartbeats CASCADE
2026-04-12 09:35:15,327 INFO sqlalchemy.engine.Engine [generated in 0.00014s] ()
INFO  [sqlalchemy.engine.Engine] [generated in 0.00014s] ()
2026-04-12 09:35:15,503 INFO sqlalchemy.engine.Engine COMMIT
INFO  [sqlalchemy.engine.Engine] COMMIT
2026-04-12 09:35:15,579 INFO sqlalchemy.engine.Engine BEGIN (implicit)
INFO  [sqlalchemy.engine.Engine] BEGIN (implicit)
2026-04-12 09:35:15,582 INFO sqlalchemy.engine.Engine INSERT INTO trip_trips (id, trip_no, source_type, source_slip_no, source_reference_key, source_payload_hash, review_reason_code, base_trip_id, driver_id, vehicle_id, trailer_id, route_pair_id, route_id, origin_location_id, origin_name_snapshot, destination_location_id, destination_name_snapshot, trip_datetime_utc, trip_timezone, planned_duration_s, planned_end_utc, tare_weight_kg, gross_weight_kg, net_weight_kg, is_empty_return, status, version, created_by_actor_type, created_by_actor_id, created_at_utc, updated_at_utc, soft_deleted_at_utc, soft_deleted_by_actor_id) VALUES ($1::VARCHAR, $2::VARCHAR, $3::VARCHAR, $4::VARCHAR, $5::VARCHAR, $6::VARCHAR, $7::VARCHAR, $8::VARCHAR, $9::VARCHAR, $10::VARCHAR, $11::VARCHAR, $12::VARCHAR, $13::VARCHAR, $14::VARCHAR, $15::VARCHAR, $16::VARCHAR, $17::VARCHAR, $18::TIMESTAMP WITH TIME ZONE, $19::VARCHAR, $20::INTEGER, $21::TIMESTAMP WITH TIME ZONE, $22::INTEGER, $23::INTEGER, $24::INTEGER, $25::BOOLEAN, $26::VARCHAR, $27::INTEGER, $28::VARCHAR, $29::VARCHAR, $30::TIMESTAMP WITH TIME ZONE, $31::TIMESTAMP WITH TIME ZONE, $32::TIMESTAMP WITH TIME ZONE, $33::VARCHAR)
INFO  [sqlalchemy.engine.Engine] INSERT INTO trip_trips (id, trip_no, source_type, source_slip_no, source_reference_key, source_payload_hash, review_reason_code, base_trip_id, driver_id, vehicle_id, trailer_id, route_pair_id, route_id, origin_location_id, origin_name_snapshot, destination_location_id, destination_name_snapshot, trip_datetime_utc, trip_timezone, planned_duration_s, planned_end_utc, tare_weight_kg, gross_weight_kg, net_weight_kg, is_empty_return, status, version, created_by_actor_type, created_by_actor_id, created_at_utc, updated_at_utc, soft_deleted_at_utc, soft_deleted_by_actor_id) VALUES ($1::VARCHAR, $2::VARCHAR, $3::VARCHAR, $4::VARCHAR, $5::VARCHAR, $6::VARCHAR, $7::VARCHAR, $8::VARCHAR, $9::VARCHAR, $10::VARCHAR, $11::VARCHAR, $12::VARCHAR, $13::VARCHAR, $14::VARCHAR, $15::VARCHAR, $16::VARCHAR, $17::VARCHAR, $18::TIMESTAMP WITH TIME ZONE, $19::VARCHAR, $20::INTEGER, $21::TIMESTAMP WITH TIME ZONE, $22::INTEGER, $23::INTEGER, $24::INTEGER, $25::BOOLEAN, $26::VARCHAR, $27::INTEGER, $28::VARCHAR, $29::VARCHAR, $30::TIMESTAMP WITH TIME ZONE, $31::TIMESTAMP WITH TIME ZONE, $32::TIMESTAMP WITH TIME ZONE, $33::VARCHAR)
2026-04-12 09:35:15,582 INFO sqlalchemy.engine.Engine [generated in 0.00043s] ('01JATWORKERTRIP000000003', 'TR-WORKER-RETRY-CEILING', 'TELEGRAM_TRIP_SLIP', 'SLIP-WORKER-RETRY-CEILING', 'telegram-message-worker-retry', 'hash', 'SOURCE_IMPORT', None, 'driver-001', 'vehicle-001', None, 'pair-001', 'route-ist-ank', 'loc-istanbul', 'Istanbul', 'loc-ankara', 'Ankara', datetime.datetime(2026, 4, 12, 6, 35, 15, 518144, tzinfo=datetime.timezone.utc), 'Europe/Istanbul', 21600, datetime.datetime(2026, 4, 12, 12, 35, 15, 518144, tzinfo=datetime.timezone.utc), 10000, 25000, 15000, False, 'PENDING_REVIEW', 1, 'SERVICE', 'worker-test', datetime.datetime(2026, 4, 12, 6, 35, 15, 518144, tzinfo=datetime.timezone.utc), datetime.datetime(2026, 4, 12, 6, 35, 15, 518144, tzinfo=datetime.timezone.utc), None, None)
INFO  [sqlalchemy.engine.Engine] [generated in 0.00043s] ('01JATWORKERTRIP000000003', 'TR-WORKER-RETRY-CEILING', 'TELEGRAM_TRIP_SLIP', 'SLIP-WORKER-RETRY-CEILING', 'telegram-message-worker-retry', 'hash', 'SOURCE_IMPORT', None, 'driver-001', 'vehicle-001', None, 'pair-001', 'route-ist-ank', 'loc-istanbul', 'Istanbul', 'loc-ankara', 'Ankara', datetime.datetime(2026, 4, 12, 6, 35, 15, 518144, tzinfo=datetime.timezone.utc), 'Europe/Istanbul', 21600, datetime.datetime(2026, 4, 12, 12, 35, 15, 518144, tzinfo=datetime.timezone.utc), 10000, 25000, 15000, False, 'PENDING_REVIEW', 1, 'SERVICE', 'worker-test', datetime.datetime(2026, 4, 12, 6, 35, 15, 518144, tzinfo=datetime.timezone.utc), datetime.datetime(2026, 4, 12, 6, 35, 15, 518144, tzinfo=datetime.timezone.utc), None, None)
2026-04-12 09:35:15,593 INFO sqlalchemy.engine.Engine INSERT INTO trip_trip_enrichment (id, trip_id, enrichment_status, route_status, data_quality_flag, enrichment_attempt_count, last_enrichment_error_code, next_retry_at_utc, claim_token, claim_expires_at_utc, claimed_by_worker, created_at_utc, updated_at_utc) VALUES ($1::VARCHAR, $2::VARCHAR, $3::VARCHAR, $4::VARCHAR, $5::VARCHAR, $6::INTEGER, $7::VARCHAR, $8::TIMESTAMP WITH TIME ZONE, $9::VARCHAR, $10::TIMESTAMP WITH TIME ZONE, $11::VARCHAR, $12::TIMESTAMP WITH TIME ZONE, $13::TIMESTAMP WITH TIME ZONE)
INFO  [sqlalchemy.engine.Engine] INSERT INTO trip_trip_enrichment (id, trip_id, enrichment_status, route_status, data_quality_flag, enrichment_attempt_count, last_enrichment_error_code, next_retry_at_utc, claim_token, claim_expires_at_utc, claimed_by_worker, created_at_utc, updated_at_utc) VALUES ($1::VARCHAR, $2::VARCHAR, $3::VARCHAR, $4::VARCHAR, $5::VARCHAR, $6::INTEGER, $7::VARCHAR, $8::TIMESTAMP WITH TIME ZONE, $9::VARCHAR, $10::TIMESTAMP WITH TIME ZONE, $11::VARCHAR, $12::TIMESTAMP WITH TIME ZONE, $13::TIMESTAMP WITH TIME ZONE)
2026-04-12 09:35:15,593 INFO sqlalchemy.engine.Engine [generated in 0.00030s] ('01JATWORKERENRICH000000001', '01JATWORKERTRIP000000003', 'FAILED', 'FAILED', 'LOW', 5, None, datetime.datetime(2026, 4, 12, 6, 34, 15, 518144, tzinfo=datetime.timezone.utc), None, None, None, datetime.datetime(2026, 4, 12, 6, 35, 15, 518144, tzinfo=datetime.timezone.utc), datetime.datetime(2026, 4, 12, 6, 35, 15, 518144, tzinfo=datetime.timezone.utc))
INFO  [sqlalchemy.engine.Engine] [generated in 0.00030s] ('01JATWORKERENRICH000000001', '01JATWORKERTRIP000000003', 'FAILED', 'FAILED', 'LOW', 5, None, datetime.datetime(2026, 4, 12, 6, 34, 15, 518144, tzinfo=datetime.timezone.utc), None, None, None, datetime.datetime(2026, 4, 12, 6, 35, 15, 518144, tzinfo=datetime.timezone.utc), datetime.datetime(2026, 4, 12, 6, 35, 15, 518144, tzinfo=datetime.timezone.utc))
2026-04-12 09:35:15,600 INFO sqlalchemy.engine.Engine COMMIT
INFO  [sqlalchemy.engine.Engine] COMMIT
2026-04-12 09:35:15,660 INFO sqlalchemy.engine.Engine BEGIN (implicit)
INFO  [sqlalchemy.engine.Engine] BEGIN (implicit)
2026-04-12 09:35:15,662 INFO sqlalchemy.engine.Engine SELECT trip_trip_enrichment.id, trip_trip_enrichment.trip_id, trip_trip_enrichment.enrichment_status, trip_trip_enrichment.route_status, trip_trip_enrichment.data_quality_flag, trip_trip_enrichment.enrichment_attempt_count, trip_trip_enrichment.last_enrichment_error_code, trip_trip_enrichment.next_retry_at_utc, trip_trip_enrichment.claim_token, trip_trip_enrichment.claim_expires_at_utc, trip_trip_enrichment.claimed_by_worker, trip_trip_enrichment.created_at_utc, trip_trip_enrichment.updated_at_utc 
FROM trip_trip_enrichment 
WHERE (trip_trip_enrichment.enrichment_status IN ($7::VARCHAR, $8::VARCHAR) AND trip_trip_enrichment.enrichment_attempt_count < $1::INTEGER OR trip_trip_enrichment.enrichment_status = $2::VARCHAR AND trip_trip_enrichment.claim_expires_at_utc < $3::TIMESTAMP WITH TIME ZONE AND trip_trip_enrichment.enrichment_attempt_count < $4::INTEGER) AND (trip_trip_enrichment.next_retry_at_utc IS NULL OR trip_trip_enrichment.next_retry_at_utc <= $5::TIMESTAMP WITH TIME ZONE) 
 LIMIT $6::INTEGER FOR UPDATE SKIP LOCKED
INFO  [sqlalchemy.engine.Engine] SELECT trip_trip_enrichment.id, trip_trip_enrichment.trip_id, trip_trip_enrichment.enrichment_status, trip_trip_enrichment.route_status, trip_trip_enrichment.data_quality_flag, trip_trip_enrichment.enrichment_attempt_count, trip_trip_enrichment.last_enrichment_error_code, trip_trip_enrichment.next_retry_at_utc, trip_trip_enrichment.claim_token, trip_trip_enrichment.claim_expires_at_utc, trip_trip_enrichment.claimed_by_worker, trip_trip_enrichment.created_at_utc, trip_trip_enrichment.updated_at_utc 
FROM trip_trip_enrichment 
WHERE (trip_trip_enrichment.enrichment_status IN ($7::VARCHAR, $8::VARCHAR) AND trip_trip_enrichment.enrichment_attempt_count < $1::INTEGER OR trip_trip_enrichment.enrichment_status = $2::VARCHAR AND trip_trip_enrichment.claim_expires_at_utc < $3::TIMESTAMP WITH TIME ZONE AND trip_trip_enrichment.enrichment_attempt_count < $4::INTEGER) AND (trip_trip_enrichment.next_retry_at_utc IS NULL OR trip_trip_enrichment.next_retry_at_utc <= $5::TIMESTAMP WITH TIME ZONE) 
 LIMIT $6::INTEGER FOR UPDATE SKIP LOCKED
2026-04-12 09:35:15,662 INFO sqlalchemy.engine.Engine [generated in 0.00029s] (5, <EnrichmentStatus.RUNNING: 'RUNNING'>, datetime.datetime(2026, 4, 12, 6, 35, 15, 608474, tzinfo=datetime.timezone.utc), 5, datetime.datetime(2026, 4, 12, 6, 35, 15, 608474, tzinfo=datetime.timezone.utc), 10, <EnrichmentStatus.PENDING: 'PENDING'>, <EnrichmentStatus.FAILED: 'FAILED'>)
INFO  [sqlalchemy.engine.Engine] [generated in 0.00029s] (5, <EnrichmentStatus.RUNNING: 'RUNNING'>, datetime.datetime(2026, 4, 12, 6, 35, 15, 608474, tzinfo=datetime.timezone.utc), 5, datetime.datetime(2026, 4, 12, 6, 35, 15, 608474, tzinfo=datetime.timezone.utc), 10, <EnrichmentStatus.PENDING: 'PENDING'>, <EnrichmentStatus.FAILED: 'FAILED'>)
2026-04-12 09:35:15,674 INFO sqlalchemy.engine.Engine ROLLBACK
INFO  [sqlalchemy.engine.Engine] ROLLBACK
PASSED2026-04-12 09:35:15,734 INFO sqlalchemy.engine.Engine BEGIN (implicit)
INFO  [sqlalchemy.engine.Engine] BEGIN (implicit)
2026-04-12 09:35:15,734 INFO sqlalchemy.engine.Engine TRUNCATE TABLE trip_trip_timeline, trip_trip_evidence, trip_trip_enrichment, trip_trip_delete_audit, trip_outbox, trip_idempotency_records, trip_trips, worker_heartbeats CASCADE
INFO  [sqlalchemy.engine.Engine] TRUNCATE TABLE trip_trip_timeline, trip_trip_evidence, trip_trip_enrichment, trip_trip_delete_audit, trip_outbox, trip_idempotency_records, trip_trips, worker_heartbeats CASCADE
2026-04-12 09:35:15,734 INFO sqlalchemy.engine.Engine [cached since 0.4069s ago] ()
INFO  [sqlalchemy.engine.Engine] [cached since 0.4069s ago] ()
2026-04-12 09:35:15,930 INFO sqlalchemy.engine.Engine COMMIT
INFO  [sqlalchemy.engine.Engine] COMMIT

tests/test_workers.py::test_outbox_relay_skips_publishing_rows 2026-04-12 09:35:16,012 INFO sqlalchemy.engine.Engine select pg_catalog.version()
INFO  [sqlalchemy.engine.Engine] select pg_catalog.version()
2026-04-12 09:35:16,013 INFO sqlalchemy.engine.Engine [raw sql] ()
INFO  [sqlalchemy.engine.Engine] [raw sql] ()
2026-04-12 09:35:16,018 INFO sqlalchemy.engine.Engine select current_schema()
INFO  [sqlalchemy.engine.Engine] select current_schema()
2026-04-12 09:35:16,018 INFO sqlalchemy.engine.Engine [raw sql] ()
INFO  [sqlalchemy.engine.Engine] [raw sql] ()
2026-04-12 09:35:16,023 INFO sqlalchemy.engine.Engine show standard_conforming_strings
INFO  [sqlalchemy.engine.Engine] show standard_conforming_strings
2026-04-12 09:35:16,024 INFO sqlalchemy.engine.Engine [raw sql] ()
INFO  [sqlalchemy.engine.Engine] [raw sql] ()
2026-04-12 09:35:16,027 INFO sqlalchemy.engine.Engine BEGIN (implicit)
INFO  [sqlalchemy.engine.Engine] BEGIN (implicit)
2026-04-12 09:35:16,027 INFO sqlalchemy.engine.Engine TRUNCATE TABLE trip_trip_timeline, trip_trip_evidence, trip_trip_enrichment, trip_trip_delete_audit, trip_outbox, trip_idempotency_records, trip_trips, worker_heartbeats CASCADE
INFO  [sqlalchemy.engine.Engine] TRUNCATE TABLE trip_trip_timeline, trip_trip_evidence, trip_trip_enrichment, trip_trip_delete_audit, trip_outbox, trip_idempotency_records, trip_trips, worker_heartbeats CASCADE
2026-04-12 09:35:16,028 INFO sqlalchemy.engine.Engine [generated in 0.00024s] ()
INFO  [sqlalchemy.engine.Engine] [generated in 0.00024s] ()
2026-04-12 09:35:16,231 INFO sqlalchemy.engine.Engine COMMIT
INFO  [sqlalchemy.engine.Engine] COMMIT
2026-04-12 09:35:16,308 INFO sqlalchemy.engine.Engine BEGIN (implicit)
INFO  [sqlalchemy.engine.Engine] BEGIN (implicit)
2026-04-12 09:35:16,311 INFO sqlalchemy.engine.Engine INSERT INTO trip_outbox (event_id, aggregate_type, aggregate_id, aggregate_version, event_name, schema_version, payload_json, partition_key, publish_status, attempt_count, created_at_utc) VALUES ($1::VARCHAR, $2::VARCHAR, $3::VARCHAR, $4::INTEGER, $5::VARCHAR, $6::INTEGER, $7::VARCHAR, $8::VARCHAR, $9::VARCHAR, $10::INTEGER, $11::TIMESTAMP WITH TIME ZONE), ($12::VARCHAR, $13::VARCHAR, $14::VARCHAR, $15::INTEGER, $16::VARCHAR, $17::INTEGER, $18::VARCHAR, $19::VARCHAR, $20::VARCHAR, $21::INTEGER, $22::TIMESTAMP WITH TIME ZONE), ($23::VARCHAR, $24::VARCHAR, $25::VARCHAR, $26::INTEGER, $27::VARCHAR, $28::INTEGER, $29::VARCHAR, $30::VARCHAR, $31::VARCHAR, $32::INTEGER, $33::TIMESTAMP WITH TIME ZONE)
INFO  [sqlalchemy.engine.Engine] INSERT INTO trip_outbox (event_id, aggregate_type, aggregate_id, aggregate_version, event_name, schema_version, payload_json, partition_key, publish_status, attempt_count, created_at_utc) VALUES ($1::VARCHAR, $2::VARCHAR, $3::VARCHAR, $4::INTEGER, $5::VARCHAR, $6::INTEGER, $7::VARCHAR, $8::VARCHAR, $9::VARCHAR, $10::INTEGER, $11::TIMESTAMP WITH TIME ZONE), ($12::VARCHAR, $13::VARCHAR, $14::VARCHAR, $15::INTEGER, $16::VARCHAR, $17::INTEGER, $18::VARCHAR, $19::VARCHAR, $20::VARCHAR, $21::INTEGER, $22::TIMESTAMP WITH TIME ZONE), ($23::VARCHAR, $24::VARCHAR, $25::VARCHAR, $26::INTEGER, $27::VARCHAR, $28::INTEGER, $29::VARCHAR, $30::VARCHAR, $31::VARCHAR, $32::INTEGER, $33::TIMESTAMP WITH TIME ZONE)
2026-04-12 09:35:16,311 INFO sqlalchemy.engine.Engine [no key 0.00063s] ('01JATOUTBOXPENDING000001', 'TRIP', '01JATOUTBOXPENDINGTRIP1', 1, 'trip.created.v1', 1, '{}', '01JATOUTBOXPENDINGTRIP1', 'PENDING', 0, datetime.datetime(2026, 4, 12, 6, 35, 16, 245599, tzinfo=datetime.timezone.utc), '01JATOUTBOXPUBLISHING001', 'TRIP', '01JATOUTBOXPUBLISHING1', 1, 'trip.created.v1', 1, '{}', '01JATOUTBOXPUBLISHING1', 'PUBLISHING', 0, datetime.datetime(2026, 4, 12, 6, 35, 16, 245599, tzinfo=datetime.timezone.utc), '01JATOUTBOXREADY0000001', 'TRIP', '01JATOUTBOXREADYTRIP1', 1, 'trip.created.v1', 1, '{}', '01JATOUTBOXREADYTRIP1', 'READY', 0, datetime.datetime(2026, 4, 12, 6, 35, 16, 245599, tzinfo=datetime.timezone.utc))
INFO  [sqlalchemy.engine.Engine] [no key 0.00063s] ('01JATOUTBOXPENDING000001', 'TRIP', '01JATOUTBOXPENDINGTRIP1', 1, 'trip.created.v1', 1, '{}', '01JATOUTBOXPENDINGTRIP1', 'PENDING', 0, datetime.datetime(2026, 4, 12, 6, 35, 16, 245599, tzinfo=datetime.timezone.utc), '01JATOUTBOXPUBLISHING001', 'TRIP', '01JATOUTBOXPUBLISHING1', 1, 'trip.created.v1', 1, '{}', '01JATOUTBOXPUBLISHING1', 'PUBLISHING', 0, datetime.datetime(2026, 4, 12, 6, 35, 16, 245599, tzinfo=datetime.timezone.utc), '01JATOUTBOXREADY0000001', 'TRIP', '01JATOUTBOXREADYTRIP1', 1, 'trip.created.v1', 1, '{}', '01JATOUTBOXREADYTRIP1', 'READY', 0, datetime.datetime(2026, 4, 12, 6, 35, 16, 245599, tzinfo=datetime.timezone.utc))
2026-04-12 09:35:16,320 INFO sqlalchemy.engine.Engine COMMIT
INFO  [sqlalchemy.engine.Engine] COMMIT
2026-04-12 09:35:16,411 INFO sqlalchemy.engine.Engine BEGIN (implicit)
INFO  [sqlalchemy.engine.Engine] BEGIN (implicit)
2026-04-12 09:35:16,414 INFO sqlalchemy.engine.Engine SELECT trip_outbox_1.event_id 
FROM trip_outbox AS trip_outbox_1 
WHERE (trip_outbox_1.publish_status IN ($6::VARCHAR, $7::VARCHAR, $8::VARCHAR) OR trip_outbox_1.publish_status = $1::VARCHAR AND trip_outbox_1.claim_expires_at_utc < $2::TIMESTAMP WITH TIME ZONE) AND (trip_outbox_1.next_attempt_at_utc IS NULL OR trip_outbox_1.next_attempt_at_utc <= $3::TIMESTAMP WITH TIME ZONE) AND NOT (EXISTS (SELECT 1 
FROM trip_outbox AS trip_outbox_2 
WHERE trip_outbox_2.partition_key = trip_outbox_1.partition_key AND trip_outbox_2.publish_status != $4::VARCHAR AND trip_outbox_2.created_at_utc < trip_outbox_1.created_at_utc)) ORDER BY trip_outbox_1.created_at_utc ASC 
 LIMIT $5::INTEGER FOR UPDATE SKIP LOCKED
INFO  [sqlalchemy.engine.Engine] SELECT trip_outbox_1.event_id 
FROM trip_outbox AS trip_outbox_1 
WHERE (trip_outbox_1.publish_status IN ($6::VARCHAR, $7::VARCHAR, $8::VARCHAR) OR trip_outbox_1.publish_status = $1::VARCHAR AND trip_outbox_1.claim_expires_at_utc < $2::TIMESTAMP WITH TIME ZONE) AND (trip_outbox_1.next_attempt_at_utc IS NULL OR trip_outbox_1.next_attempt_at_utc <= $3::TIMESTAMP WITH TIME ZONE) AND NOT (EXISTS (SELECT 1 
FROM trip_outbox AS trip_outbox_2 
WHERE trip_outbox_2.partition_key = trip_outbox_1.partition_key AND trip_outbox_2.publish_status != $4::VARCHAR AND trip_outbox_2.created_at_utc < trip_outbox_1.created_at_utc)) ORDER BY trip_outbox_1.created_at_utc ASC 
 LIMIT $5::INTEGER FOR UPDATE SKIP LOCKED
2026-04-12 09:35:16,414 INFO sqlalchemy.engine.Engine [generated in 0.00043s] ('PUBLISHING', datetime.datetime(2026, 4, 12, 6, 35, 16, 333228, tzinfo=datetime.timezone.utc), datetime.datetime(2026, 4, 12, 6, 35, 16, 333228, tzinfo=datetime.timezone.utc), 'PUBLISHED', 10, 'PENDING', 'READY', 'FAILED')
INFO  [sqlalchemy.engine.Engine] [generated in 0.00043s] ('PUBLISHING', datetime.datetime(2026, 4, 12, 6, 35, 16, 333228, tzinfo=datetime.timezone.utc), datetime.datetime(2026, 4, 12, 6, 35, 16, 333228, tzinfo=datetime.timezone.utc), 'PUBLISHED', 10, 'PENDING', 'READY', 'FAILED')
2026-04-12 09:35:16,434 INFO sqlalchemy.engine.Engine UPDATE trip_outbox SET publish_status=$1::VARCHAR, next_attempt_at_utc=$2::TIMESTAMP WITH TIME ZONE, claim_token=$3::VARCHAR, claim_expires_at_utc=$4::TIMESTAMP WITH TIME ZONE, claimed_by_worker=$5::VARCHAR WHERE trip_outbox.event_id IN ($6::VARCHAR, $7::VARCHAR)
INFO  [sqlalchemy.engine.Engine] UPDATE trip_outbox SET publish_status=$1::VARCHAR, next_attempt_at_utc=$2::TIMESTAMP WITH TIME ZONE, claim_token=$3::VARCHAR, claim_expires_at_utc=$4::TIMESTAMP WITH TIME ZONE, claimed_by_worker=$5::VARCHAR WHERE trip_outbox.event_id IN ($6::VARCHAR, $7::VARCHAR)
2026-04-12 09:35:16,434 INFO sqlalchemy.engine.Engine [generated in 0.00073s] ('PUBLISHING', None, '2fb270d7-06a3-4bea-9076-717f2575f6c4', datetime.datetime(2026, 4, 12, 6, 36, 16, 333228, tzinfo=datetime.timezone.utc), 'test-worker', '01JATOUTBOXPENDING000001', '01JATOUTBOXREADY0000001')
INFO  [sqlalchemy.engine.Engine] [generated in 0.00073s] ('PUBLISHING', None, '2fb270d7-06a3-4bea-9076-717f2575f6c4', datetime.datetime(2026, 4, 12, 6, 36, 16, 333228, tzinfo=datetime.timezone.utc), 'test-worker', '01JATOUTBOXPENDING000001', '01JATOUTBOXREADY0000001')
2026-04-12 09:35:16,439 INFO sqlalchemy.engine.Engine COMMIT
INFO  [sqlalchemy.engine.Engine] COMMIT
2026-04-12 09:35:16,510 INFO sqlalchemy.engine.Engine BEGIN (implicit)
INFO  [sqlalchemy.engine.Engine] BEGIN (implicit)
2026-04-12 09:35:16,511 INFO sqlalchemy.engine.Engine SELECT trip_outbox.event_name, trip_outbox.partition_key, trip_outbox.payload_json, trip_outbox.schema_version, trip_outbox.aggregate_type, trip_outbox.aggregate_id, trip_outbox.attempt_count, trip_outbox.causation_id 
FROM trip_outbox 
WHERE trip_outbox.event_id = $1::VARCHAR AND trip_outbox.claim_token = $2::VARCHAR FOR UPDATE
INFO  [sqlalchemy.engine.Engine] SELECT trip_outbox.event_name, trip_outbox.partition_key, trip_outbox.payload_json, trip_outbox.schema_version, trip_outbox.aggregate_type, trip_outbox.aggregate_id, trip_outbox.attempt_count, trip_outbox.causation_id 
FROM trip_outbox 
WHERE trip_outbox.event_id = $1::VARCHAR AND trip_outbox.claim_token = $2::VARCHAR FOR UPDATE
2026-04-12 09:35:16,512 INFO sqlalchemy.engine.Engine [generated in 0.00040s] ('01JATOUTBOXPENDING000001', '2fb270d7-06a3-4bea-9076-717f2575f6c4')
INFO  [sqlalchemy.engine.Engine] [generated in 0.00040s] ('01JATOUTBOXPENDING000001', '2fb270d7-06a3-4bea-9076-717f2575f6c4')
2026-04-12 09:35:16,517 INFO sqlalchemy.engine.Engine ROLLBACK
INFO  [sqlalchemy.engine.Engine] ROLLBACK
2026-04-12 09:35:16,586 INFO sqlalchemy.engine.Engine BEGIN (implicit)
INFO  [sqlalchemy.engine.Engine] BEGIN (implicit)
2026-04-12 09:35:16,586 INFO sqlalchemy.engine.Engine SELECT trip_outbox.event_name, trip_outbox.partition_key, trip_outbox.payload_json, trip_outbox.schema_version, trip_outbox.aggregate_type, trip_outbox.aggregate_id, trip_outbox.attempt_count, trip_outbox.causation_id 
FROM trip_outbox 
WHERE trip_outbox.event_id = $1::VARCHAR AND trip_outbox.claim_token = $2::VARCHAR FOR UPDATE
INFO  [sqlalchemy.engine.Engine] SELECT trip_outbox.event_name, trip_outbox.partition_key, trip_outbox.payload_json, trip_outbox.schema_version, trip_outbox.aggregate_type, trip_outbox.aggregate_id, trip_outbox.attempt_count, trip_outbox.causation_id 
FROM trip_outbox 
WHERE trip_outbox.event_id = $1::VARCHAR AND trip_outbox.claim_token = $2::VARCHAR FOR UPDATE
2026-04-12 09:35:16,586 INFO sqlalchemy.engine.Engine [cached since 0.07512s ago] ('01JATOUTBOXREADY0000001', '2fb270d7-06a3-4bea-9076-717f2575f6c4')
INFO  [sqlalchemy.engine.Engine] [cached since 0.07512s ago] ('01JATOUTBOXREADY0000001', '2fb270d7-06a3-4bea-9076-717f2575f6c4')
2026-04-12 09:35:16,591 INFO sqlalchemy.engine.Engine ROLLBACK
INFO  [sqlalchemy.engine.Engine] ROLLBACK
FAILED2026-04-12 09:35:16,668 INFO sqlalchemy.engine.Engine BEGIN (implicit)
INFO  [sqlalchemy.engine.Engine] BEGIN (implicit)
2026-04-12 09:35:16,668 INFO sqlalchemy.engine.Engine TRUNCATE TABLE trip_trip_timeline, trip_trip_evidence, trip_trip_enrichment, trip_trip_delete_audit, trip_outbox, trip_idempotency_records, trip_trips, worker_heartbeats CASCADE
INFO  [sqlalchemy.engine.Engine] TRUNCATE TABLE trip_trip_timeline, trip_trip_evidence, trip_trip_enrichment, trip_trip_delete_audit, trip_outbox, trip_idempotency_records, trip_trips, worker_heartbeats CASCADE
2026-04-12 09:35:16,668 INFO sqlalchemy.engine.Engine [cached since 0.6409s ago] ()
INFO  [sqlalchemy.engine.Engine] [cached since 0.6409s ago] ()
2026-04-12 09:35:16,836 INFO sqlalchemy.engine.Engine COMMIT
INFO  [sqlalchemy.engine.Engine] COMMIT

tests/test_workers.py::test_enrichment_reclaims_stale_claim 2026-04-12 09:35:16,901 INFO sqlalchemy.engine.Engine select pg_catalog.version()
INFO  [sqlalchemy.engine.Engine] select pg_catalog.version()
2026-04-12 09:35:16,902 INFO sqlalchemy.engine.Engine [raw sql] ()
INFO  [sqlalchemy.engine.Engine] [raw sql] ()
2026-04-12 09:35:16,905 INFO sqlalchemy.engine.Engine select current_schema()
INFO  [sqlalchemy.engine.Engine] select current_schema()
2026-04-12 09:35:16,905 INFO sqlalchemy.engine.Engine [raw sql] ()
INFO  [sqlalchemy.engine.Engine] [raw sql] ()
2026-04-12 09:35:16,908 INFO sqlalchemy.engine.Engine show standard_conforming_strings
INFO  [sqlalchemy.engine.Engine] show standard_conforming_strings
2026-04-12 09:35:16,909 INFO sqlalchemy.engine.Engine [raw sql] ()
INFO  [sqlalchemy.engine.Engine] [raw sql] ()
2026-04-12 09:35:16,911 INFO sqlalchemy.engine.Engine BEGIN (implicit)
INFO  [sqlalchemy.engine.Engine] BEGIN (implicit)
2026-04-12 09:35:16,911 INFO sqlalchemy.engine.Engine TRUNCATE TABLE trip_trip_timeline, trip_trip_evidence, trip_trip_enrichment, trip_trip_delete_audit, trip_outbox, trip_idempotency_records, trip_trips, worker_heartbeats CASCADE
INFO  [sqlalchemy.engine.Engine] TRUNCATE TABLE trip_trip_timeline, trip_trip_evidence, trip_trip_enrichment, trip_trip_delete_audit, trip_outbox, trip_idempotency_records, trip_trips, worker_heartbeats CASCADE
2026-04-12 09:35:16,911 INFO sqlalchemy.engine.Engine [generated in 0.00022s] ()
INFO  [sqlalchemy.engine.Engine] [generated in 0.00022s] ()
2026-04-12 09:35:17,089 INFO sqlalchemy.engine.Engine COMMIT
INFO  [sqlalchemy.engine.Engine] COMMIT
2026-04-12 09:35:17,150 INFO sqlalchemy.engine.Engine BEGIN (implicit)
INFO  [sqlalchemy.engine.Engine] BEGIN (implicit)
2026-04-12 09:35:17,152 INFO sqlalchemy.engine.Engine INSERT INTO trip_trips (id, trip_no, source_type, source_slip_no, source_reference_key, source_payload_hash, review_reason_code, driver_id, vehicle_id, trip_datetime_utc, trip_timezone, tare_weight_kg, gross_weight_kg, net_weight_kg, is_empty_return, status, version, created_by_actor_type, created_by_actor_id, created_at_utc, updated_at_utc) VALUES ($1::VARCHAR, $2::VARCHAR, $3::VARCHAR, $4::VARCHAR, $5::VARCHAR, $6::VARCHAR, $7::VARCHAR, $8::VARCHAR, $9::VARCHAR, $10::TIMESTAMP WITH TIME ZONE, $11::VARCHAR, $12::INTEGER, $13::INTEGER, $14::INTEGER, $15::BOOLEAN, $16::VARCHAR, $17::INTEGER, $18::VARCHAR, $19::VARCHAR, $20::TIMESTAMP WITH TIME ZONE, $21::TIMESTAMP WITH TIME ZONE)
INFO  [sqlalchemy.engine.Engine] INSERT INTO trip_trips (id, trip_no, source_type, source_slip_no, source_reference_key, source_payload_hash, review_reason_code, driver_id, vehicle_id, trip_datetime_utc, trip_timezone, tare_weight_kg, gross_weight_kg, net_weight_kg, is_empty_return, status, version, created_by_actor_type, created_by_actor_id, created_at_utc, updated_at_utc) VALUES ($1::VARCHAR, $2::VARCHAR, $3::VARCHAR, $4::VARCHAR, $5::VARCHAR, $6::VARCHAR, $7::VARCHAR, $8::VARCHAR, $9::VARCHAR, $10::TIMESTAMP WITH TIME ZONE, $11::VARCHAR, $12::INTEGER, $13::INTEGER, $14::INTEGER, $15::BOOLEAN, $16::VARCHAR, $17::INTEGER, $18::VARCHAR, $19::VARCHAR, $20::TIMESTAMP WITH TIME ZONE, $21::TIMESTAMP WITH TIME ZONE)
2026-04-12 09:35:17,152 INFO sqlalchemy.engine.Engine [generated in 0.00035s] ('01JATENRICHSTALEROW001', 'TR-ENRICH-STALE', 'TELEGRAM_TRIP_SLIP', 'SLIP-ENRICH-STALE', 'telegram-message-enrich-stale', 'hash', 'SOURCE_IMPORT', 'driver-001', 'vehicle-001', datetime.datetime(2026, 4, 12, 6, 35, 17, 102708, tzinfo=datetime.timezone.utc), 'UTC', 10000, 25000, 15000, False, 'PENDING_REVIEW', 1, 'SERVICE', 'worker-test', datetime.datetime(2026, 4, 12, 6, 35, 17, 102708, tzinfo=datetime.timezone.utc), datetime.datetime(2026, 4, 12, 6, 35, 17, 102708, tzinfo=datetime.timezone.utc))
INFO  [sqlalchemy.engine.Engine] [generated in 0.00035s] ('01JATENRICHSTALEROW001', 'TR-ENRICH-STALE', 'TELEGRAM_TRIP_SLIP', 'SLIP-ENRICH-STALE', 'telegram-message-enrich-stale', 'hash', 'SOURCE_IMPORT', 'driver-001', 'vehicle-001', datetime.datetime(2026, 4, 12, 6, 35, 17, 102708, tzinfo=datetime.timezone.utc), 'UTC', 10000, 25000, 15000, False, 'PENDING_REVIEW', 1, 'SERVICE', 'worker-test', datetime.datetime(2026, 4, 12, 6, 35, 17, 102708, tzinfo=datetime.timezone.utc), datetime.datetime(2026, 4, 12, 6, 35, 17, 102708, tzinfo=datetime.timezone.utc))
2026-04-12 09:35:17,163 INFO sqlalchemy.engine.Engine INSERT INTO trip_trip_evidence (id, trip_id, evidence_source, evidence_kind, source_slip_no, origin_name_raw, destination_name_raw, raw_payload_json, created_at_utc) VALUES ($1::VARCHAR, $2::VARCHAR, $3::VARCHAR, $4::VARCHAR, $5::VARCHAR, $6::VARCHAR, $7::VARCHAR, $8::JSONB, $9::TIMESTAMP WITH TIME ZONE)
INFO  [sqlalchemy.engine.Engine] INSERT INTO trip_trip_evidence (id, trip_id, evidence_source, evidence_kind, source_slip_no, origin_name_raw, destination_name_raw, raw_payload_json, created_at_utc) VALUES ($1::VARCHAR, $2::VARCHAR, $3::VARCHAR, $4::VARCHAR, $5::VARCHAR, $6::VARCHAR, $7::VARCHAR, $8::JSONB, $9::TIMESTAMP WITH TIME ZONE)
2026-04-12 09:35:17,163 INFO sqlalchemy.engine.Engine [generated in 0.00032s] ('01JATENRICHSTALEROW002', '01JATENRICHSTALEROW001', 'TELEGRAM_TRIP_SLIP', 'OCR', 'SLIP-ENRICH-STALE', 'Istanbul', 'Ankara', '"{}"', datetime.datetime(2026, 4, 12, 6, 35, 17, 102708, tzinfo=datetime.timezone.utc))
INFO  [sqlalchemy.engine.Engine] [generated in 0.00032s] ('01JATENRICHSTALEROW002', '01JATENRICHSTALEROW001', 'TELEGRAM_TRIP_SLIP', 'OCR', 'SLIP-ENRICH-STALE', 'Istanbul', 'Ankara', '"{}"', datetime.datetime(2026, 4, 12, 6, 35, 17, 102708, tzinfo=datetime.timezone.utc))
2026-04-12 09:35:17,171 INFO sqlalchemy.engine.Engine INSERT INTO trip_trip_enrichment (id, trip_id, enrichment_status, route_status, data_quality_flag, enrichment_attempt_count, next_retry_at_utc, claim_token, claim_expires_at_utc, claimed_by_worker, created_at_utc, updated_at_utc) VALUES ($1::VARCHAR, $2::VARCHAR, $3::VARCHAR, $4::VARCHAR, $5::VARCHAR, $6::INTEGER, $7::TIMESTAMP WITH TIME ZONE, $8::VARCHAR, $9::TIMESTAMP WITH TIME ZONE, $10::VARCHAR, $11::TIMESTAMP WITH TIME ZONE, $12::TIMESTAMP WITH TIME ZONE)
INFO  [sqlalchemy.engine.Engine] INSERT INTO trip_trip_enrichment (id, trip_id, enrichment_status, route_status, data_quality_flag, enrichment_attempt_count, next_retry_at_utc, claim_token, claim_expires_at_utc, claimed_by_worker, created_at_utc, updated_at_utc) VALUES ($1::VARCHAR, $2::VARCHAR, $3::VARCHAR, $4::VARCHAR, $5::VARCHAR, $6::INTEGER, $7::TIMESTAMP WITH TIME ZONE, $8::VARCHAR, $9::TIMESTAMP WITH TIME ZONE, $10::VARCHAR, $11::TIMESTAMP WITH TIME ZONE, $12::TIMESTAMP WITH TIME ZONE)
2026-04-12 09:35:17,171 INFO sqlalchemy.engine.Engine [generated in 0.00032s] ('01JATENRICHSTALEROW003', '01JATENRICHSTALEROW001', <EnrichmentStatus.RUNNING: 'RUNNING'>, <RouteStatus.PENDING: 'PENDING'>, 'LOW', 0, None, 'stale-claim', datetime.datetime(2026, 4, 12, 6, 30, 17, 102708, tzinfo=datetime.timezone.utc), 'old-worker', datetime.datetime(2026, 4, 12, 6, 35, 17, 102708, tzinfo=datetime.timezone.utc), datetime.datetime(2026, 4, 12, 6, 35, 17, 102708, tzinfo=datetime.timezone.utc))
INFO  [sqlalchemy.engine.Engine] [generated in 0.00032s] ('01JATENRICHSTALEROW003', '01JATENRICHSTALEROW001', <EnrichmentStatus.RUNNING: 'RUNNING'>, <RouteStatus.PENDING: 'PENDING'>, 'LOW', 0, None, 'stale-claim', datetime.datetime(2026, 4, 12, 6, 30, 17, 102708, tzinfo=datetime.timezone.utc), 'old-worker', datetime.datetime(2026, 4, 12, 6, 35, 17, 102708, tzinfo=datetime.timezone.utc), datetime.datetime(2026, 4, 12, 6, 35, 17, 102708, tzinfo=datetime.timezone.utc))
2026-04-12 09:35:17,175 INFO sqlalchemy.engine.Engine COMMIT
INFO  [sqlalchemy.engine.Engine] COMMIT
2026-04-12 09:35:17,234 INFO sqlalchemy.engine.Engine BEGIN (implicit)
INFO  [sqlalchemy.engine.Engine] BEGIN (implicit)
2026-04-12 09:35:17,236 INFO sqlalchemy.engine.Engine SELECT trip_trip_enrichment.id, trip_trip_enrichment.trip_id, trip_trip_enrichment.enrichment_status, trip_trip_enrichment.route_status, trip_trip_enrichment.data_quality_flag, trip_trip_enrichment.enrichment_attempt_count, trip_trip_enrichment.last_enrichment_error_code, trip_trip_enrichment.next_retry_at_utc, trip_trip_enrichment.claim_token, trip_trip_enrichment.claim_expires_at_utc, trip_trip_enrichment.claimed_by_worker, trip_trip_enrichment.created_at_utc, trip_trip_enrichment.updated_at_utc 
FROM trip_trip_enrichment 
WHERE (trip_trip_enrichment.enrichment_status IN ($7::VARCHAR, $8::VARCHAR) AND trip_trip_enrichment.enrichment_attempt_count < $1::INTEGER OR trip_trip_enrichment.enrichment_status = $2::VARCHAR AND trip_trip_enrichment.claim_expires_at_utc < $3::TIMESTAMP WITH TIME ZONE AND trip_trip_enrichment.enrichment_attempt_count < $4::INTEGER) AND (trip_trip_enrichment.next_retry_at_utc IS NULL OR trip_trip_enrichment.next_retry_at_utc <= $5::TIMESTAMP WITH TIME ZONE) 
 LIMIT $6::INTEGER FOR UPDATE SKIP LOCKED
INFO  [sqlalchemy.engine.Engine] SELECT trip_trip_enrichment.id, trip_trip_enrichment.trip_id, trip_trip_enrichment.enrichment_status, trip_trip_enrichment.route_status, trip_trip_enrichment.data_quality_flag, trip_trip_enrichment.enrichment_attempt_count, trip_trip_enrichment.last_enrichment_error_code, trip_trip_enrichment.next_retry_at_utc, trip_trip_enrichment.claim_token, trip_trip_enrichment.claim_expires_at_utc, trip_trip_enrichment.claimed_by_worker, trip_trip_enrichment.created_at_utc, trip_trip_enrichment.updated_at_utc 
FROM trip_trip_enrichment 
WHERE (trip_trip_enrichment.enrichment_status IN ($7::VARCHAR, $8::VARCHAR) AND trip_trip_enrichment.enrichment_attempt_count < $1::INTEGER OR trip_trip_enrichment.enrichment_status = $2::VARCHAR AND trip_trip_enrichment.claim_expires_at_utc < $3::TIMESTAMP WITH TIME ZONE AND trip_trip_enrichment.enrichment_attempt_count < $4::INTEGER) AND (trip_trip_enrichment.next_retry_at_utc IS NULL OR trip_trip_enrichment.next_retry_at_utc <= $5::TIMESTAMP WITH TIME ZONE) 
 LIMIT $6::INTEGER FOR UPDATE SKIP LOCKED
2026-04-12 09:35:17,236 INFO sqlalchemy.engine.Engine [generated in 0.00032s] (5, <EnrichmentStatus.RUNNING: 'RUNNING'>, datetime.datetime(2026, 4, 12, 6, 35, 17, 182692, tzinfo=datetime.timezone.utc), 5, datetime.datetime(2026, 4, 12, 6, 35, 17, 182692, tzinfo=datetime.timezone.utc), 10, <EnrichmentStatus.PENDING: 'PENDING'>, <EnrichmentStatus.FAILED: 'FAILED'>)
INFO  [sqlalchemy.engine.Engine] [generated in 0.00032s] (5, <EnrichmentStatus.RUNNING: 'RUNNING'>, datetime.datetime(2026, 4, 12, 6, 35, 17, 182692, tzinfo=datetime.timezone.utc), 5, datetime.datetime(2026, 4, 12, 6, 35, 17, 182692, tzinfo=datetime.timezone.utc), 10, <EnrichmentStatus.PENDING: 'PENDING'>, <EnrichmentStatus.FAILED: 'FAILED'>)
2026-04-12 09:35:17,248 INFO sqlalchemy.engine.Engine UPDATE trip_trip_enrichment SET claim_token=$1::VARCHAR, claim_expires_at_utc=$2::TIMESTAMP WITH TIME ZONE, claimed_by_worker=$3::VARCHAR, updated_at_utc=$4::TIMESTAMP WITH TIME ZONE WHERE trip_trip_enrichment.id = $5::VARCHAR
INFO  [sqlalchemy.engine.Engine] UPDATE trip_trip_enrichment SET claim_token=$1::VARCHAR, claim_expires_at_utc=$2::TIMESTAMP WITH TIME ZONE, claimed_by_worker=$3::VARCHAR, updated_at_utc=$4::TIMESTAMP WITH TIME ZONE WHERE trip_trip_enrichment.id = $5::VARCHAR
2026-04-12 09:35:17,248 INFO sqlalchemy.engine.Engine [generated in 0.00025s] ('44201a85-f073-462a-9fe0-47964accfe4d', datetime.datetime(2026, 4, 12, 6, 40, 17, 182692, tzinfo=datetime.timezone.utc), 'worker-test', datetime.datetime(2026, 4, 12, 6, 35, 17, 182692, tzinfo=datetime.timezone.utc), '01JATENRICHSTALEROW003')
INFO  [sqlalchemy.engine.Engine] [generated in 0.00025s] ('44201a85-f073-462a-9fe0-47964accfe4d', datetime.datetime(2026, 4, 12, 6, 40, 17, 182692, tzinfo=datetime.timezone.utc), 'worker-test', datetime.datetime(2026, 4, 12, 6, 35, 17, 182692, tzinfo=datetime.timezone.utc), '01JATENRICHSTALEROW003')
2026-04-12 09:35:17,252 INFO sqlalchemy.engine.Engine COMMIT
INFO  [sqlalchemy.engine.Engine] COMMIT
2026-04-12 09:35:17,306 INFO sqlalchemy.engine.Engine BEGIN (implicit)
INFO  [sqlalchemy.engine.Engine] BEGIN (implicit)
2026-04-12 09:35:17,307 INFO sqlalchemy.engine.Engine SELECT trip_trip_enrichment.id, trip_trip_enrichment.trip_id, trip_trip_enrichment.enrichment_status, trip_trip_enrichment.route_status, trip_trip_enrichment.data_quality_flag, trip_trip_enrichment.enrichment_attempt_count, trip_trip_enrichment.last_enrichment_error_code, trip_trip_enrichment.next_retry_at_utc, trip_trip_enrichment.claim_token, trip_trip_enrichment.claim_expires_at_utc, trip_trip_enrichment.claimed_by_worker, trip_trip_enrichment.created_at_utc, trip_trip_enrichment.updated_at_utc 
FROM trip_trip_enrichment 
WHERE trip_trip_enrichment.id = $1::VARCHAR AND trip_trip_enrichment.claim_token = $2::VARCHAR
INFO  [sqlalchemy.engine.Engine] SELECT trip_trip_enrichment.id, trip_trip_enrichment.trip_id, trip_trip_enrichment.enrichment_status, trip_trip_enrichment.route_status, trip_trip_enrichment.data_quality_flag, trip_trip_enrichment.enrichment_attempt_count, trip_trip_enrichment.last_enrichment_error_code, trip_trip_enrichment.next_retry_at_utc, trip_trip_enrichment.claim_token, trip_trip_enrichment.claim_expires_at_utc, trip_trip_enrichment.claimed_by_worker, trip_trip_enrichment.created_at_utc, trip_trip_enrichment.updated_at_utc 
FROM trip_trip_enrichment 
WHERE trip_trip_enrichment.id = $1::VARCHAR AND trip_trip_enrichment.claim_token = $2::VARCHAR
2026-04-12 09:35:17,307 INFO sqlalchemy.engine.Engine [generated in 0.00018s] ('01JATENRICHSTALEROW003', '44201a85-f073-462a-9fe0-47964accfe4d')
INFO  [sqlalchemy.engine.Engine] [generated in 0.00018s] ('01JATENRICHSTALEROW003', '44201a85-f073-462a-9fe0-47964accfe4d')
2026-04-12 09:35:17,319 INFO sqlalchemy.engine.Engine SELECT trip_trips.id, trip_trips.trip_no, trip_trips.source_type, trip_trips.source_slip_no, trip_trips.source_reference_key, trip_trips.source_payload_hash, trip_trips.review_reason_code, trip_trips.base_trip_id, trip_trips.driver_id, trip_trips.vehicle_id, trip_trips.trailer_id, trip_trips.route_pair_id, trip_trips.route_id, trip_trips.origin_location_id, trip_trips.origin_name_snapshot, trip_trips.destination_location_id, trip_trips.destination_name_snapshot, trip_trips.trip_datetime_utc, trip_trips.trip_timezone, trip_trips.planned_duration_s, trip_trips.planned_end_utc, trip_trips.tare_weight_kg, trip_trips.gross_weight_kg, trip_trips.net_weight_kg, trip_trips.is_empty_return, trip_trips.status, trip_trips.version, trip_trips.created_by_actor_type, trip_trips.created_by_actor_id, trip_trips.created_at_utc, trip_trips.updated_at_utc, trip_trips.soft_deleted_at_utc, trip_trips.soft_deleted_by_actor_id 
FROM trip_trips 
WHERE trip_trips.id = $1::VARCHAR
INFO  [sqlalchemy.engine.Engine] SELECT trip_trips.id, trip_trips.trip_no, trip_trips.source_type, trip_trips.source_slip_no, trip_trips.source_reference_key, trip_trips.source_payload_hash, trip_trips.review_reason_code, trip_trips.base_trip_id, trip_trips.driver_id, trip_trips.vehicle_id, trip_trips.trailer_id, trip_trips.route_pair_id, trip_trips.route_id, trip_trips.origin_location_id, trip_trips.origin_name_snapshot, trip_trips.destination_location_id, trip_trips.destination_name_snapshot, trip_trips.trip_datetime_utc, trip_trips.trip_timezone, trip_trips.planned_duration_s, trip_trips.planned_end_utc, trip_trips.tare_weight_kg, trip_trips.gross_weight_kg, trip_trips.net_weight_kg, trip_trips.is_empty_return, trip_trips.status, trip_trips.version, trip_trips.created_by_actor_type, trip_trips.created_by_actor_id, trip_trips.created_at_utc, trip_trips.updated_at_utc, trip_trips.soft_deleted_at_utc, trip_trips.soft_deleted_by_actor_id 
FROM trip_trips 
WHERE trip_trips.id = $1::VARCHAR
2026-04-12 09:35:17,320 INFO sqlalchemy.engine.Engine [generated in 0.00031s] ('01JATENRICHSTALEROW001',)
INFO  [sqlalchemy.engine.Engine] [generated in 0.00031s] ('01JATENRICHSTALEROW001',)
2026-04-12 09:35:17,328 INFO sqlalchemy.engine.Engine SELECT trip_trip_evidence.id, trip_trip_evidence.trip_id, trip_trip_evidence.evidence_source, trip_trip_evidence.evidence_kind, trip_trip_evidence.source_slip_no, trip_trip_evidence.telegram_message_id, trip_trip_evidence.file_key, trip_trip_evidence.row_number, trip_trip_evidence.raw_text_ref, trip_trip_evidence.ocr_confidence, trip_trip_evidence.normalized_truck_plate, trip_trip_evidence.normalized_trailer_plate, trip_trip_evidence.origin_name_raw, trip_trip_evidence.destination_name_raw, trip_trip_evidence.raw_payload_json, trip_trip_evidence.created_at_utc 
FROM trip_trip_evidence 
WHERE trip_trip_evidence.trip_id = $1::VARCHAR ORDER BY trip_trip_evidence.created_at_utc DESC 
 LIMIT $2::INTEGER
INFO  [sqlalchemy.engine.Engine] SELECT trip_trip_evidence.id, trip_trip_evidence.trip_id, trip_trip_evidence.evidence_source, trip_trip_evidence.evidence_kind, trip_trip_evidence.source_slip_no, trip_trip_evidence.telegram_message_id, trip_trip_evidence.file_key, trip_trip_evidence.row_number, trip_trip_evidence.raw_text_ref, trip_trip_evidence.ocr_confidence, trip_trip_evidence.normalized_truck_plate, trip_trip_evidence.normalized_trailer_plate, trip_trip_evidence.origin_name_raw, trip_trip_evidence.destination_name_raw, trip_trip_evidence.raw_payload_json, trip_trip_evidence.created_at_utc 
FROM trip_trip_evidence 
WHERE trip_trip_evidence.trip_id = $1::VARCHAR ORDER BY trip_trip_evidence.created_at_utc DESC 
 LIMIT $2::INTEGER
2026-04-12 09:35:17,329 INFO sqlalchemy.engine.Engine [generated in 0.00025s] ('01JATENRICHSTALEROW001', 1)
INFO  [sqlalchemy.engine.Engine] [generated in 0.00025s] ('01JATENRICHSTALEROW001', 1)
2026-04-12 09:35:17,335 INFO sqlalchemy.engine.Engine ROLLBACK
INFO  [sqlalchemy.engine.Engine] ROLLBACK
2026-04-12 09:35:17,396 INFO sqlalchemy.engine.Engine BEGIN (implicit)
INFO  [sqlalchemy.engine.Engine] BEGIN (implicit)
2026-04-12 09:35:17,396 INFO sqlalchemy.engine.Engine SELECT trip_trip_enrichment.id, trip_trip_enrichment.trip_id, trip_trip_enrichment.enrichment_status, trip_trip_enrichment.route_status, trip_trip_enrichment.data_quality_flag, trip_trip_enrichment.enrichment_attempt_count, trip_trip_enrichment.last_enrichment_error_code, trip_trip_enrichment.next_retry_at_utc, trip_trip_enrichment.claim_token, trip_trip_enrichment.claim_expires_at_utc, trip_trip_enrichment.claimed_by_worker, trip_trip_enrichment.created_at_utc, trip_trip_enrichment.updated_at_utc 
FROM trip_trip_enrichment 
WHERE trip_trip_enrichment.id = $1::VARCHAR AND trip_trip_enrichment.claim_token = $2::VARCHAR
INFO  [sqlalchemy.engine.Engine] SELECT trip_trip_enrichment.id, trip_trip_enrichment.trip_id, trip_trip_enrichment.enrichment_status, trip_trip_enrichment.route_status, trip_trip_enrichment.data_quality_flag, trip_trip_enrichment.enrichment_attempt_count, trip_trip_enrichment.last_enrichment_error_code, trip_trip_enrichment.next_retry_at_utc, trip_trip_enrichment.claim_token, trip_trip_enrichment.claim_expires_at_utc, trip_trip_enrichment.claimed_by_worker, trip_trip_enrichment.created_at_utc, trip_trip_enrichment.updated_at_utc 
FROM trip_trip_enrichment 
WHERE trip_trip_enrichment.id = $1::VARCHAR AND trip_trip_enrichment.claim_token = $2::VARCHAR
2026-04-12 09:35:17,396 INFO sqlalchemy.engine.Engine [cached since 0.08908s ago] ('01JATENRICHSTALEROW003', '44201a85-f073-462a-9fe0-47964accfe4d')
INFO  [sqlalchemy.engine.Engine] [cached since 0.08908s ago] ('01JATENRICHSTALEROW003', '44201a85-f073-462a-9fe0-47964accfe4d')
2026-04-12 09:35:17,407 INFO sqlalchemy.engine.Engine SELECT trip_trips.id, trip_trips.trip_no, trip_trips.source_type, trip_trips.source_slip_no, trip_trips.source_reference_key, trip_trips.source_payload_hash, trip_trips.review_reason_code, trip_trips.base_trip_id, trip_trips.driver_id, trip_trips.vehicle_id, trip_trips.trailer_id, trip_trips.route_pair_id, trip_trips.route_id, trip_trips.origin_location_id, trip_trips.origin_name_snapshot, trip_trips.destination_location_id, trip_trips.destination_name_snapshot, trip_trips.trip_datetime_utc, trip_trips.trip_timezone, trip_trips.planned_duration_s, trip_trips.planned_end_utc, trip_trips.tare_weight_kg, trip_trips.gross_weight_kg, trip_trips.net_weight_kg, trip_trips.is_empty_return, trip_trips.status, trip_trips.version, trip_trips.created_by_actor_type, trip_trips.created_by_actor_id, trip_trips.created_at_utc, trip_trips.updated_at_utc, trip_trips.soft_deleted_at_utc, trip_trips.soft_deleted_by_actor_id 
FROM trip_trips 
WHERE trip_trips.id = $1::VARCHAR
INFO  [sqlalchemy.engine.Engine] SELECT trip_trips.id, trip_trips.trip_no, trip_trips.source_type, trip_trips.source_slip_no, trip_trips.source_reference_key, trip_trips.source_payload_hash, trip_trips.review_reason_code, trip_trips.base_trip_id, trip_trips.driver_id, trip_trips.vehicle_id, trip_trips.trailer_id, trip_trips.route_pair_id, trip_trips.route_id, trip_trips.origin_location_id, trip_trips.origin_name_snapshot, trip_trips.destination_location_id, trip_trips.destination_name_snapshot, trip_trips.trip_datetime_utc, trip_trips.trip_timezone, trip_trips.planned_duration_s, trip_trips.planned_end_utc, trip_trips.tare_weight_kg, trip_trips.gross_weight_kg, trip_trips.net_weight_kg, trip_trips.is_empty_return, trip_trips.status, trip_trips.version, trip_trips.created_by_actor_type, trip_trips.created_by_actor_id, trip_trips.created_at_utc, trip_trips.updated_at_utc, trip_trips.soft_deleted_at_utc, trip_trips.soft_deleted_by_actor_id 
FROM trip_trips 
WHERE trip_trips.id = $1::VARCHAR
2026-04-12 09:35:17,407 INFO sqlalchemy.engine.Engine [cached since 0.0883s ago] ('01JATENRICHSTALEROW001',)
INFO  [sqlalchemy.engine.Engine] [cached since 0.0883s ago] ('01JATENRICHSTALEROW001',)
2026-04-12 09:35:17,416 INFO sqlalchemy.engine.Engine UPDATE trip_trip_enrichment SET enrichment_status=$1::VARCHAR, route_status=$2::VARCHAR, data_quality_flag=$3::VARCHAR, enrichment_attempt_count=$4::INTEGER, next_retry_at_utc=$5::TIMESTAMP WITH TIME ZONE, claim_token=$6::VARCHAR, claim_expires_at_utc=$7::TIMESTAMP WITH TIME ZONE, claimed_by_worker=$8::VARCHAR, updated_at_utc=$9::TIMESTAMP WITH TIME ZONE WHERE trip_trip_enrichment.id = $10::VARCHAR
INFO  [sqlalchemy.engine.Engine] UPDATE trip_trip_enrichment SET enrichment_status=$1::VARCHAR, route_status=$2::VARCHAR, data_quality_flag=$3::VARCHAR, enrichment_attempt_count=$4::INTEGER, next_retry_at_utc=$5::TIMESTAMP WITH TIME ZONE, claim_token=$6::VARCHAR, claim_expires_at_utc=$7::TIMESTAMP WITH TIME ZONE, claimed_by_worker=$8::VARCHAR, updated_at_utc=$9::TIMESTAMP WITH TIME ZONE WHERE trip_trip_enrichment.id = $10::VARCHAR
2026-04-12 09:35:17,416 INFO sqlalchemy.engine.Engine [generated in 0.00037s] (<EnrichmentStatus.FAILED: 'FAILED'>, <RouteStatus.FAILED: 'FAILED'>, 'MEDIUM', 1, datetime.datetime(2026, 4, 12, 6, 36, 28, 756723, tzinfo=datetime.timezone.utc), None, None, None, datetime.datetime(2026, 4, 12, 6, 35, 17, 415469, tzinfo=datetime.timezone.utc), '01JATENRICHSTALEROW003')
INFO  [sqlalchemy.engine.Engine] [generated in 0.00037s] (<EnrichmentStatus.FAILED: 'FAILED'>, <RouteStatus.FAILED: 'FAILED'>, 'MEDIUM', 1, datetime.datetime(2026, 4, 12, 6, 36, 28, 756723, tzinfo=datetime.timezone.utc), None, None, None, datetime.datetime(2026, 4, 12, 6, 35, 17, 415469, tzinfo=datetime.timezone.utc), '01JATENRICHSTALEROW003')
2026-04-12 09:35:17,420 INFO sqlalchemy.engine.Engine COMMIT
INFO  [sqlalchemy.engine.Engine] COMMIT
2026-04-12 09:35:17,477 INFO sqlalchemy.engine.Engine BEGIN (implicit)
INFO  [sqlalchemy.engine.Engine] BEGIN (implicit)
2026-04-12 09:35:17,478 INFO sqlalchemy.engine.Engine SELECT trip_trip_enrichment.id AS trip_trip_enrichment_id, trip_trip_enrichment.trip_id AS trip_trip_enrichment_trip_id, trip_trip_enrichment.enrichment_status AS trip_trip_enrichment_enrichment_status, trip_trip_enrichment.route_status AS trip_trip_enrichment_route_status, trip_trip_enrichment.data_quality_flag AS trip_trip_enrichment_data_quality_flag, trip_trip_enrichment.enrichment_attempt_count AS trip_trip_enrichment_enrichment_attempt_count, trip_trip_enrichment.last_enrichment_error_code AS trip_trip_enrichment_last_enrichment_error_code, trip_trip_enrichment.next_retry_at_utc AS trip_trip_enrichment_next_retry_at_utc, trip_trip_enrichment.claim_token AS trip_trip_enrichment_claim_token, trip_trip_enrichment.claim_expires_at_utc AS trip_trip_enrichment_claim_expires_at_utc, trip_trip_enrichment.claimed_by_worker AS trip_trip_enrichment_claimed_by_worker, trip_trip_enrichment.created_at_utc AS trip_trip_enrichment_created_at_utc, trip_trip_enrichment.updated_at_utc AS trip_trip_enrichment_updated_at_utc 
FROM trip_trip_enrichment 
WHERE trip_trip_enrichment.id = $1::VARCHAR
INFO  [sqlalchemy.engine.Engine] SELECT trip_trip_enrichment.id AS trip_trip_enrichment_id, trip_trip_enrichment.trip_id AS trip_trip_enrichment_trip_id, trip_trip_enrichment.enrichment_status AS trip_trip_enrichment_enrichment_status, trip_trip_enrichment.route_status AS trip_trip_enrichment_route_status, trip_trip_enrichment.data_quality_flag AS trip_trip_enrichment_data_quality_flag, trip_trip_enrichment.enrichment_attempt_count AS trip_trip_enrichment_enrichment_attempt_count, trip_trip_enrichment.last_enrichment_error_code AS trip_trip_enrichment_last_enrichment_error_code, trip_trip_enrichment.next_retry_at_utc AS trip_trip_enrichment_next_retry_at_utc, trip_trip_enrichment.claim_token AS trip_trip_enrichment_claim_token, trip_trip_enrichment.claim_expires_at_utc AS trip_trip_enrichment_claim_expires_at_utc, trip_trip_enrichment.claimed_by_worker AS trip_trip_enrichment_claimed_by_worker, trip_trip_enrichment.created_at_utc AS trip_trip_enrichment_created_at_utc, trip_trip_enrichment.updated_at_utc AS trip_trip_enrichment_updated_at_utc 
FROM trip_trip_enrichment 
WHERE trip_trip_enrichment.id = $1::VARCHAR
2026-04-12 09:35:17,479 INFO sqlalchemy.engine.Engine [generated in 0.00022s] ('01JATENRICHSTALEROW003',)
INFO  [sqlalchemy.engine.Engine] [generated in 0.00022s] ('01JATENRICHSTALEROW003',)
2026-04-12 09:35:17,489 INFO sqlalchemy.engine.Engine ROLLBACK
INFO  [sqlalchemy.engine.Engine] ROLLBACK
FAILED2026-04-12 09:35:17,569 INFO sqlalchemy.engine.Engine BEGIN (implicit)
INFO  [sqlalchemy.engine.Engine] BEGIN (implicit)
2026-04-12 09:35:17,569 INFO sqlalchemy.engine.Engine TRUNCATE TABLE trip_trip_timeline, trip_trip_evidence, trip_trip_enrichment, trip_trip_delete_audit, trip_outbox, trip_idempotency_records, trip_trips, worker_heartbeats CASCADE
INFO  [sqlalchemy.engine.Engine] TRUNCATE TABLE trip_trip_timeline, trip_trip_evidence, trip_trip_enrichment, trip_trip_delete_audit, trip_outbox, trip_idempotency_records, trip_trips, worker_heartbeats CASCADE
2026-04-12 09:35:17,569 INFO sqlalchemy.engine.Engine [cached since 0.6582s ago] ()
INFO  [sqlalchemy.engine.Engine] [cached since 0.6582s ago] ()
2026-04-12 09:35:17,744 INFO sqlalchemy.engine.Engine COMMIT
INFO  [sqlalchemy.engine.Engine] COMMIT

tests/test_workers.py::test_enrichment_skips_non_retryable_location_business_invalid 2026-04-12 09:35:17,811 INFO sqlalchemy.engine.Engine select pg_catalog.version()
INFO  [sqlalchemy.engine.Engine] select pg_catalog.version()
2026-04-12 09:35:17,812 INFO sqlalchemy.engine.Engine [raw sql] ()
INFO  [sqlalchemy.engine.Engine] [raw sql] ()
2026-04-12 09:35:17,815 INFO sqlalchemy.engine.Engine select current_schema()
INFO  [sqlalchemy.engine.Engine] select current_schema()
2026-04-12 09:35:17,815 INFO sqlalchemy.engine.Engine [raw sql] ()
INFO  [sqlalchemy.engine.Engine] [raw sql] ()
2026-04-12 09:35:17,820 INFO sqlalchemy.engine.Engine show standard_conforming_strings
INFO  [sqlalchemy.engine.Engine] show standard_conforming_strings
2026-04-12 09:35:17,820 INFO sqlalchemy.engine.Engine [raw sql] ()
INFO  [sqlalchemy.engine.Engine] [raw sql] ()
2026-04-12 09:35:17,822 INFO sqlalchemy.engine.Engine BEGIN (implicit)
INFO  [sqlalchemy.engine.Engine] BEGIN (implicit)
2026-04-12 09:35:17,823 INFO sqlalchemy.engine.Engine TRUNCATE TABLE trip_trip_timeline, trip_trip_evidence, trip_trip_enrichment, trip_trip_delete_audit, trip_outbox, trip_idempotency_records, trip_trips, worker_heartbeats CASCADE
INFO  [sqlalchemy.engine.Engine] TRUNCATE TABLE trip_trip_timeline, trip_trip_evidence, trip_trip_enrichment, trip_trip_delete_audit, trip_outbox, trip_idempotency_records, trip_trips, worker_heartbeats CASCADE
2026-04-12 09:35:17,823 INFO sqlalchemy.engine.Engine [generated in 0.00016s] ()
INFO  [sqlalchemy.engine.Engine] [generated in 0.00016s] ()
2026-04-12 09:35:17,994 INFO sqlalchemy.engine.Engine COMMIT
INFO  [sqlalchemy.engine.Engine] COMMIT
2026-04-12 09:35:18,060 INFO sqlalchemy.engine.Engine BEGIN (implicit)
INFO  [sqlalchemy.engine.Engine] BEGIN (implicit)
2026-04-12 09:35:18,062 INFO sqlalchemy.engine.Engine INSERT INTO trip_trips (id, trip_no, source_type, source_slip_no, source_reference_key, source_payload_hash, review_reason_code, driver_id, vehicle_id, trip_datetime_utc, trip_timezone, tare_weight_kg, gross_weight_kg, net_weight_kg, is_empty_return, status, version, created_by_actor_type, created_by_actor_id, created_at_utc, updated_at_utc) VALUES ($1::VARCHAR, $2::VARCHAR, $3::VARCHAR, $4::VARCHAR, $5::VARCHAR, $6::VARCHAR, $7::VARCHAR, $8::VARCHAR, $9::VARCHAR, $10::TIMESTAMP WITH TIME ZONE, $11::VARCHAR, $12::INTEGER, $13::INTEGER, $14::INTEGER, $15::BOOLEAN, $16::VARCHAR, $17::INTEGER, $18::VARCHAR, $19::VARCHAR, $20::TIMESTAMP WITH TIME ZONE, $21::TIMESTAMP WITH TIME ZONE)
INFO  [sqlalchemy.engine.Engine] INSERT INTO trip_trips (id, trip_no, source_type, source_slip_no, source_reference_key, source_payload_hash, review_reason_code, driver_id, vehicle_id, trip_datetime_utc, trip_timezone, tare_weight_kg, gross_weight_kg, net_weight_kg, is_empty_return, status, version, created_by_actor_type, created_by_actor_id, created_at_utc, updated_at_utc) VALUES ($1::VARCHAR, $2::VARCHAR, $3::VARCHAR, $4::VARCHAR, $5::VARCHAR, $6::VARCHAR, $7::VARCHAR, $8::VARCHAR, $9::VARCHAR, $10::TIMESTAMP WITH TIME ZONE, $11::VARCHAR, $12::INTEGER, $13::INTEGER, $14::INTEGER, $15::BOOLEAN, $16::VARCHAR, $17::INTEGER, $18::VARCHAR, $19::VARCHAR, $20::TIMESTAMP WITH TIME ZONE, $21::TIMESTAMP WITH TIME ZONE)
2026-04-12 09:35:18,062 INFO sqlalchemy.engine.Engine [generated in 0.00031s] ('01JATENRICHSKIPPED0001', 'TR-ENRICH-SKIP', 'TELEGRAM_TRIP_SLIP', 'SLIP-ENRICH-SKIPPED', 'telegram-message-enrich-skipped', 'hash', 'SOURCE_IMPORT', 'driver-001', 'vehicle-001', datetime.datetime(2026, 4, 12, 6, 35, 18, 7910, tzinfo=datetime.timezone.utc), 'UTC', 10000, 25000, 15000, False, 'PENDING_REVIEW', 1, 'SERVICE', 'worker-test', datetime.datetime(2026, 4, 12, 6, 35, 18, 7910, tzinfo=datetime.timezone.utc), datetime.datetime(2026, 4, 12, 6, 35, 18, 7910, tzinfo=datetime.timezone.utc))
INFO  [sqlalchemy.engine.Engine] [generated in 0.00031s] ('01JATENRICHSKIPPED0001', 'TR-ENRICH-SKIP', 'TELEGRAM_TRIP_SLIP', 'SLIP-ENRICH-SKIPPED', 'telegram-message-enrich-skipped', 'hash', 'SOURCE_IMPORT', 'driver-001', 'vehicle-001', datetime.datetime(2026, 4, 12, 6, 35, 18, 7910, tzinfo=datetime.timezone.utc), 'UTC', 10000, 25000, 15000, False, 'PENDING_REVIEW', 1, 'SERVICE', 'worker-test', datetime.datetime(2026, 4, 12, 6, 35, 18, 7910, tzinfo=datetime.timezone.utc), datetime.datetime(2026, 4, 12, 6, 35, 18, 7910, tzinfo=datetime.timezone.utc))
2026-04-12 09:35:18,073 INFO sqlalchemy.engine.Engine INSERT INTO trip_trip_evidence (id, trip_id, evidence_source, evidence_kind, source_slip_no, origin_name_raw, destination_name_raw, raw_payload_json, created_at_utc) VALUES ($1::VARCHAR, $2::VARCHAR, $3::VARCHAR, $4::VARCHAR, $5::VARCHAR, $6::VARCHAR, $7::VARCHAR, $8::JSONB, $9::TIMESTAMP WITH TIME ZONE)
INFO  [sqlalchemy.engine.Engine] INSERT INTO trip_trip_evidence (id, trip_id, evidence_source, evidence_kind, source_slip_no, origin_name_raw, destination_name_raw, raw_payload_json, created_at_utc) VALUES ($1::VARCHAR, $2::VARCHAR, $3::VARCHAR, $4::VARCHAR, $5::VARCHAR, $6::VARCHAR, $7::VARCHAR, $8::JSONB, $9::TIMESTAMP WITH TIME ZONE)
2026-04-12 09:35:18,073 INFO sqlalchemy.engine.Engine [generated in 0.00033s] ('01JATENRICHSKIPPED0002', '01JATENRICHSKIPPED0001', 'TELEGRAM_TRIP_SLIP', 'OCR', 'SLIP-ENRICH-SKIPPED', 'Unknown Origin', 'Unknown Destination', '"{}"', datetime.datetime(2026, 4, 12, 6, 35, 18, 7910, tzinfo=datetime.timezone.utc))
INFO  [sqlalchemy.engine.Engine] [generated in 0.00033s] ('01JATENRICHSKIPPED0002', '01JATENRICHSKIPPED0001', 'TELEGRAM_TRIP_SLIP', 'OCR', 'SLIP-ENRICH-SKIPPED', 'Unknown Origin', 'Unknown Destination', '"{}"', datetime.datetime(2026, 4, 12, 6, 35, 18, 7910, tzinfo=datetime.timezone.utc))
2026-04-12 09:35:18,081 INFO sqlalchemy.engine.Engine INSERT INTO trip_trip_enrichment (id, trip_id, enrichment_status, route_status, data_quality_flag, enrichment_attempt_count, next_retry_at_utc, created_at_utc, updated_at_utc) VALUES ($1::VARCHAR, $2::VARCHAR, $3::VARCHAR, $4::VARCHAR, $5::VARCHAR, $6::INTEGER, $7::TIMESTAMP WITH TIME ZONE, $8::TIMESTAMP WITH TIME ZONE, $9::TIMESTAMP WITH TIME ZONE)
INFO  [sqlalchemy.engine.Engine] INSERT INTO trip_trip_enrichment (id, trip_id, enrichment_status, route_status, data_quality_flag, enrichment_attempt_count, next_retry_at_utc, created_at_utc, updated_at_utc) VALUES ($1::VARCHAR, $2::VARCHAR, $3::VARCHAR, $4::VARCHAR, $5::VARCHAR, $6::INTEGER, $7::TIMESTAMP WITH TIME ZONE, $8::TIMESTAMP WITH TIME ZONE, $9::TIMESTAMP WITH TIME ZONE)
2026-04-12 09:35:18,081 INFO sqlalchemy.engine.Engine [generated in 0.00031s] ('01JATENRICHSKIPPED0003', '01JATENRICHSKIPPED0001', <EnrichmentStatus.PENDING: 'PENDING'>, <RouteStatus.PENDING: 'PENDING'>, 'LOW', 0, None, datetime.datetime(2026, 4, 12, 6, 35, 18, 7910, tzinfo=datetime.timezone.utc), datetime.datetime(2026, 4, 12, 6, 35, 18, 7910, tzinfo=datetime.timezone.utc))
INFO  [sqlalchemy.engine.Engine] [generated in 0.00031s] ('01JATENRICHSKIPPED0003', '01JATENRICHSKIPPED0001', <EnrichmentStatus.PENDING: 'PENDING'>, <RouteStatus.PENDING: 'PENDING'>, 'LOW', 0, None, datetime.datetime(2026, 4, 12, 6, 35, 18, 7910, tzinfo=datetime.timezone.utc), datetime.datetime(2026, 4, 12, 6, 35, 18, 7910, tzinfo=datetime.timezone.utc))
2026-04-12 09:35:18,086 INFO sqlalchemy.engine.Engine COMMIT
INFO  [sqlalchemy.engine.Engine] COMMIT
2026-04-12 09:35:18,145 INFO sqlalchemy.engine.Engine BEGIN (implicit)
INFO  [sqlalchemy.engine.Engine] BEGIN (implicit)
2026-04-12 09:35:18,147 INFO sqlalchemy.engine.Engine SELECT trip_trip_enrichment.id, trip_trip_enrichment.trip_id, trip_trip_enrichment.enrichment_status, trip_trip_enrichment.route_status, trip_trip_enrichment.data_quality_flag, trip_trip_enrichment.enrichment_attempt_count, trip_trip_enrichment.last_enrichment_error_code, trip_trip_enrichment.next_retry_at_utc, trip_trip_enrichment.claim_token, trip_trip_enrichment.claim_expires_at_utc, trip_trip_enrichment.claimed_by_worker, trip_trip_enrichment.created_at_utc, trip_trip_enrichment.updated_at_utc 
FROM trip_trip_enrichment 
WHERE (trip_trip_enrichment.enrichment_status IN ($7::VARCHAR, $8::VARCHAR) AND trip_trip_enrichment.enrichment_attempt_count < $1::INTEGER OR trip_trip_enrichment.enrichment_status = $2::VARCHAR AND trip_trip_enrichment.claim_expires_at_utc < $3::TIMESTAMP WITH TIME ZONE AND trip_trip_enrichment.enrichment_attempt_count < $4::INTEGER) AND (trip_trip_enrichment.next_retry_at_utc IS NULL OR trip_trip_enrichment.next_retry_at_utc <= $5::TIMESTAMP WITH TIME ZONE) 
 LIMIT $6::INTEGER FOR UPDATE SKIP LOCKED
INFO  [sqlalchemy.engine.Engine] SELECT trip_trip_enrichment.id, trip_trip_enrichment.trip_id, trip_trip_enrichment.enrichment_status, trip_trip_enrichment.route_status, trip_trip_enrichment.data_quality_flag, trip_trip_enrichment.enrichment_attempt_count, trip_trip_enrichment.last_enrichment_error_code, trip_trip_enrichment.next_retry_at_utc, trip_trip_enrichment.claim_token, trip_trip_enrichment.claim_expires_at_utc, trip_trip_enrichment.claimed_by_worker, trip_trip_enrichment.created_at_utc, trip_trip_enrichment.updated_at_utc 
FROM trip_trip_enrichment 
WHERE (trip_trip_enrichment.enrichment_status IN ($7::VARCHAR, $8::VARCHAR) AND trip_trip_enrichment.enrichment_attempt_count < $1::INTEGER OR trip_trip_enrichment.enrichment_status = $2::VARCHAR AND trip_trip_enrichment.claim_expires_at_utc < $3::TIMESTAMP WITH TIME ZONE AND trip_trip_enrichment.enrichment_attempt_count < $4::INTEGER) AND (trip_trip_enrichment.next_retry_at_utc IS NULL OR trip_trip_enrichment.next_retry_at_utc <= $5::TIMESTAMP WITH TIME ZONE) 
 LIMIT $6::INTEGER FOR UPDATE SKIP LOCKED
[...]
____________ test_publish_single_returns_false_when_claim_is_lost _____________
C:\Users\semih\AppData\Local\Programs\Python\Python314\Lib\site-packages\sqlalchemy\dialects\postgresql\asyncpg.py:526: in _prepare_and_execute
    prepared_stmt, attributes = await adapt_connection._prepare(
C:\Users\semih\AppData\Local\Programs\Python\Python314\Lib\site-packages\sqlalchemy\dialects\postgresql\asyncpg.py:773: in _prepare
    prepared_stmt = await self._connection.prepare(
C:\Users\semih\AppData\Local\Programs\Python\Python314\Lib\site-packages\asyncpg\connection.py:638: in prepare
    return await self._prepare(
C:\Users\semih\AppData\Local\Programs\Python\Python314\Lib\site-packages\asyncpg\connection.py:657: in _prepare
    stmt = await self._get_statement(
C:\Users\semih\AppData\Local\Programs\Python\Python314\Lib\site-packages\asyncpg\connection.py:443: in _get_statement
    statement = await self._protocol.prepare(
asyncpg/protocol/protocol.pyx:165: in prepare
    ???
E   asyncpg.exceptions.UndefinedColumnError: column trip_outbox.causation_id does not exist

The above exception was the direct cause of the following exception:
C:\Users\semih\AppData\Local\Programs\Python\Python314\Lib\site-packages\sqlalchemy\engine\base.py:1967: in _exec_single_context
    self.dialect.do_execute(
C:\Users\semih\AppData\Local\Programs\Python\Python314\Lib\site-packages\sqlalchemy\engine\default.py:951: in do_execute
    cursor.execute(statement, parameters)
C:\Users\semih\AppData\Local\Programs\Python\Python314\Lib\site-packages\sqlalchemy\dialects\postgresql\asyncpg.py:585: in execute
    self._adapt_connection.await_(
C:\Users\semih\AppData\Local\Programs\Python\Python314\Lib\site-packages\sqlalchemy\util\_concurrency_py3k.py:132: in await_only
    return current.parent.switch(awaitable)  # type: ignore[no-any-return,attr-defined] # noqa: E501
           ^^^^^^^^^^^^^^^^^^^^^^^^^^^^^^^^
C:\Users\semih\AppData\Local\Programs\Python\Python314\Lib\site-packages\sqlalchemy\util\_concurrency_py3k.py:196: in greenlet_spawn
    value = await result
            ^^^^^^^^^^^^
C:\Users\semih\AppData\Local\Programs\Python\Python314\Lib\site-packages\sqlalchemy\dialects\postgresql\asyncpg.py:563: in _prepare_and_execute
    self._handle_exception(error)
C:\Users\semih\AppData\Local\Programs\Python\Python314\Lib\site-packages\sqlalchemy\dialects\postgresql\asyncpg.py:513: in _handle_exception
    self._adapt_connection._handle_exception(error)
C:\Users\semih\AppData\Local\Programs\Python\Python314\Lib\site-packages\sqlalchemy\dialects\postgresql\asyncpg.py:797: in _handle_exception
    raise translated_error from error
E   sqlalchemy.dialects.postgresql.asyncpg.AsyncAdapt_asyncpg_dbapi.ProgrammingError: <class 'asyncpg.exceptions.UndefinedColumnError'>: column trip_outbox.causation_id does not exist

The above exception was the direct cause of the following exception:
tests\test_workers.py:927: in test_publish_single_returns_false_when_claim_is_lost
    result = await _publish_single(RecordingBroker(), "missing-event", "missing-claim")
             ^^^^^^^^^^^^^^^^^^^^^^^^^^^^^^^^^^^^^^^^^^^^^^^^^^^^^^^^^^^^^^^^^^^^^^^^^^
src\trip_service\workers\outbox_relay.py:188: in _publish_single
    await session.execute(
C:\Users\semih\AppData\Local\Programs\Python\Python314\Lib\site-packages\sqlalchemy\ext\asyncio\session.py:449: in execute
    result = await greenlet_spawn(
C:\Users\semih\AppData\Local\Programs\Python\Python314\Lib\site-packages\sqlalchemy\util\_concurrency_py3k.py:201: in greenlet_spawn
    result = context.throw(*sys.exc_info())
             ^^^^^^^^^^^^^^^^^^^^^^^^^^^^^^
C:\Users\semih\AppData\Local\Programs\Python\Python314\Lib\site-packages\sqlalchemy\orm\session.py:2351: in execute
    return self._execute_internal(
C:\Users\semih\AppData\Local\Programs\Python\Python314\Lib\site-packages\sqlalchemy\orm\session.py:2249: in _execute_internal
    result: Result[Any] = compile_state_cls.orm_execute_statement(
C:\Users\semih\AppData\Local\Programs\Python\Python314\Lib\site-packages\sqlalchemy\orm\context.py:306: in orm_execute_statement
    result = conn.execute(
C:\Users\semih\AppData\Local\Programs\Python\Python314\Lib\site-packages\sqlalchemy\engine\base.py:1419: in execute
    return meth(
C:\Users\semih\AppData\Local\Programs\Python\Python314\Lib\site-packages\sqlalchemy\sql\elements.py:526: in _execute_on_connection
    return connection._execute_clauseelement(
C:\Users\semih\AppData\Local\Programs\Python\Python314\Lib\site-packages\sqlalchemy\engine\base.py:1641: in _execute_clauseelement
    ret = self._execute_context(
C:\Users\semih\AppData\Local\Programs\Python\Python314\Lib\site-packages\sqlalchemy\engine\base.py:1846: in _execute_context
    return self._exec_single_context(
C:\Users\semih\AppData\Local\Programs\Python\Python314\Lib\site-packages\sqlalchemy\engine\base.py:1986: in _exec_single_context
    self._handle_dbapi_exception(
C:\Users\semih\AppData\Local\Programs\Python\Python314\Lib\site-packages\sqlalchemy\engine\base.py:2355: in _handle_dbapi_exception
    raise sqlalchemy_exception.with_traceback(exc_info[2]) from e
C:\Users\semih\AppData\Local\Programs\Python\Python314\Lib\site-packages\sqlalchemy\engine\base.py:1967: in _exec_single_context
    self.dialect.do_execute(
C:\Users\semih\AppData\Local\Programs\Python\Python314\Lib\site-packages\sqlalchemy\engine\default.py:951: in do_execute
    cursor.execute(statement, parameters)
C:\Users\semih\AppData\Local\Programs\Python\Python314\Lib\site-packages\sqlalchemy\dialects\postgresql\asyncpg.py:585: in execute
    self._adapt_connection.await_(
C:\Users\semih\AppData\Local\Programs\Python\Python314\Lib\site-packages\sqlalchemy\util\_concurrency_py3k.py:132: in await_only
    return current.parent.switch(awaitable)  # type: ignore[no-any-return,attr-defined] # noqa: E501
           ^^^^^^^^^^^^^^^^^^^^^^^^^^^^^^^^
C:\Users\semih\AppData\Local\Programs\Python\Python314\Lib\site-packages\sqlalchemy\util\_concurrency_py3k.py:196: in greenlet_spawn
    value = await result
            ^^^^^^^^^^^^
C:\Users\semih\AppData\Local\Programs\Python\Python314\Lib\site-packages\sqlalchemy\dialects\postgresql\asyncpg.py:563: in _prepare_and_execute
    self._handle_exception(error)
C:\Users\semih\AppData\Local\Programs\Python\Python314\Lib\site-packages\sqlalchemy\dialects\postgresql\asyncpg.py:513: in _handle_exception
    self._adapt_connection._handle_exception(error)
C:\Users\semih\AppData\Local\Programs\Python\Python314\Lib\site-packages\sqlalchemy\dialects\postgresql\asyncpg.py:797: in _handle_exception
    raise translated_error from error
E   sqlalchemy.exc.ProgrammingError: (sqlalchemy.dialects.postgresql.asyncpg.ProgrammingError) <class 'asyncpg.exceptions.UndefinedColumnError'>: column trip_outbox.causation_id does not exist
E   [SQL: SELECT trip_outbox.event_name, trip_outbox.partition_key, trip_outbox.payload_json, trip_outbox.schema_version, trip_outbox.aggregate_type, trip_outbox.aggregate_id, trip_outbox.attempt_count, trip_outbox.causation_id 
E   FROM trip_outbox 
E   WHERE trip_outbox.event_id = $1::VARCHAR AND trip_outbox.claim_token = $2::VARCHAR FOR UPDATE]
E   [parameters: ('missing-event', 'missing-claim')]
E   (Background on this error at: https://sqlalche.me/e/20/f405)
----------------------------- Captured log setup ------------------------------
INFO     sqlalchemy.engine.Engine:base.py:1846 select pg_catalog.version()
INFO     sqlalchemy.engine.Engine:base.py:1846 [raw sql] ()
INFO     sqlalchemy.engine.Engine:base.py:1846 select current_schema()
INFO     sqlalchemy.engine.Engine:base.py:1846 [raw sql] ()
INFO     sqlalchemy.engine.Engine:base.py:1846 show standard_conforming_strings
INFO     sqlalchemy.engine.Engine:base.py:1846 [raw sql] ()
INFO     sqlalchemy.engine.Engine:base.py:2702 BEGIN (implicit)
INFO     sqlalchemy.engine.Engine:base.py:1846 TRUNCATE TABLE trip_trip_timeline, trip_trip_evidence, trip_trip_enrichment, trip_trip_delete_audit, trip_outbox, trip_idempotency_records, trip_trips, worker_heartbeats CASCADE
INFO     sqlalchemy.engine.Engine:base.py:1846 [generated in 0.00015s] ()
INFO     sqlalchemy.engine.Engine:base.py:2708 COMMIT
------------------------------ Captured log call ------------------------------
INFO     sqlalchemy.engine.Engine:base.py:2702 BEGIN (implicit)
INFO     sqlalchemy.engine.Engine:base.py:1846 SELECT trip_outbox.event_name, trip_outbox.partition_key, trip_outbox.payload_json, trip_outbox.schema_version, trip_outbox.aggregate_type, trip_outbox.aggregate_id, trip_outbox.attempt_count, trip_outbox.causation_id 
FROM trip_outbox 
WHERE trip_outbox.event_id = $1::VARCHAR AND trip_outbox.claim_token = $2::VARCHAR FOR UPDATE
INFO     sqlalchemy.engine.Engine:base.py:1846 [generated in 0.00023s] ('missing-event', 'missing-claim')
INFO     sqlalchemy.engine.Engine:base.py:2705 ROLLBACK
---------------------------- Captured log teardown ----------------------------
INFO     sqlalchemy.engine.Engine:base.py:2702 BEGIN (implicit)
INFO     sqlalchemy.engine.Engine:base.py:1846 TRUNCATE TABLE trip_trip_timeline, trip_trip_evidence, trip_trip_enrichment, trip_trip_delete_audit, trip_outbox, trip_idempotency_records, trip_trips, worker_heartbeats CASCADE
INFO     sqlalchemy.engine.Engine:base.py:1846 [cached since 0.9327s ago] ()
INFO     sqlalchemy.engine.Engine:base.py:2708 COMMIT
============================== warnings summary ===============================
tests/test_workers.py::test_enrichment_helper_functions_cover_backoff_and_status_derivation
  C:\Users\semih\AppData\Local\Programs\Python\Python314\Lib\site-packages\alembic\config.py:598: DeprecationWarning: No path_separator found in configuration; falling back to legacy splitting on spaces, commas, and colons for prepend_sys_path.  Consider adding path_separator=os to Alembic config.
    util.warn_deprecated(

tests/test_workers.py::test_process_single_enrichment_leaves_ready_rows_without_retry
tests/test_workers.py::test_process_single_enrichment_stops_retrying_at_failure_ceiling
tests/test_workers.py::test_publish_single_returns_false_when_claim_is_lost
  C:\Users\semih\AppData\Local\Programs\Python\Python314\Lib\site-packages\_pytest\logging.py:387: RuntimeWarning: coroutine 'Connection._cancel' was never awaited
    self.records = []
  Enable tracemalloc to get traceback where the object was allocated.
  See https://docs.pytest.org/en/stable/how-to/capture-warnings.html#resource-warnings for more info.

-- Docs: https://docs.pytest.org/en/stable/how-to/capture-warnings.html
=========================== short test summary info ===========================
FAILED tests/test_workers.py::test_outbox_first_failure_backoff_is_five_seconds - sqlalchemy.exc.ProgrammingError: (sqlalchemy.dialects.postgresql.asyncpg.ProgrammingError) <class 'asyncpg.exceptions.UndefinedColumnError'>: column trip_outbox.causation_id does not exist
[SQL: SELECT trip_outbox.event_id AS trip_outbox_event_id, trip_outbox.aggregate_type AS trip_outbox_aggregate_type, trip_outbox.aggregate_id AS trip_outbox_aggregate_id, trip_outbox.aggregate_version AS trip_outbox_aggregate_version, trip_outbox.event_name AS trip_outbox_event_name, trip_outbox.schema_version AS trip_outbox_schema_version, trip_outbox.payload_json AS trip_outbox_payload_json, trip_outbox.partition_key AS trip_outbox_partition_key, trip_outbox.causation_id AS trip_outbox_causation_id, trip_outbox.publish_status AS trip_outbox_publish_status, trip_outbox.attempt_count AS trip_outbox_attempt_count, trip_outbox.next_attempt_at_utc AS trip_outbox_next_attempt_at_utc, trip_outbox.last_error_code AS trip_outbox_last_error_code, trip_outbox.claim_token AS trip_outbox_claim_token, trip_outbox.claim_expires_at_utc AS trip_outbox_claim_expires_at_utc, trip_outbox.claimed_by_worker AS trip_outbox_claimed_by_worker, trip_outbox.created_at_utc AS trip_outbox_created_at_utc, trip_outbox.published_at_utc AS trip_outbox_published_at_utc 
FROM trip_outbox 
WHERE trip_outbox.event_id = $1::VARCHAR]
[parameters: ('01JATWORKEROUTBOX000000001',)]
(Background on this error at: https://sqlalche.me/e/20/f405)
FAILED tests/test_workers.py::test_outbox_dead_letters_at_configured_ceiling - AttributeError: 'Settings' object has no attribute 'outbox_relay_max_retry_count'
FAILED tests/test_workers.py::test_outbox_backoff_helper_caps_after_fifth_window - assert datetime.datetime(2026, 4, 12, 6, 35, 20, 164760, tzinfo=datetime.timezone.utc) <= (datetime.datetime(2026, 4, 12, 6, 35, 15, 8225, tzinfo=datetime.timezone.utc) + datetime.timedelta(seconds=5))
 +  where datetime.timedelta(seconds=5) = timedelta(seconds=5)
FAILED tests/test_workers.py::test_outbox_relay_skips_publishing_rows - assert 0 == 2
FAILED tests/test_workers.py::test_enrichment_reclaims_stale_claim - AssertionError: assert 'FAILED' == <EnrichmentStatus.READY: 'READY'>
  
  - READY
  + FAILED
FAILED tests/test_workers.py::test_outbox_relay_reclaims_stale_claim - assert 0 == 1
FAILED tests/test_workers.py::test_outbox_relay_commits_each_event_independently - assert 0 == 1
FAILED tests/test_workers.py::test_enrichment_resolve_route_awaits_service_headers - AssertionError: assert None == 'pair-123'
FAILED tests/test_workers.py::test_process_single_enrichment_marks_missing_evidence_failed - sqlalchemy.exc.IntegrityError: (sqlalchemy.dialects.postgresql.asyncpg.IntegrityError) <class 'asyncpg.exceptions.NotNullViolationError'>: null value in column "trip_datetime_utc" of relation "trip_trips" violates not-null constraint
DETAIL:  Failing row contains (01JATENRICHMISSEVIDENCE001, TR-ENRICH-MISSING-EVIDENCE, TELEGRAM_TRIP_SLIP, SLIP-ENRICH-MISSING, telegram-message-enrich-missing, hash, SOURCE_IMPORT, null, driver-001, vehicle-001, null, null, null, null, null, null, null, null, null, null, null, 10000, 25000, 15000, f, PENDING_REVIEW, 1, SERVICE, worker-test, 2026-04-12 06:35:22.387786+00, 2026-04-12 06:35:22.387786+00, null, null).
[SQL: INSERT INTO trip_trips (id, trip_no, source_type, source_slip_no, source_reference_key, source_payload_hash, review_reason_code, driver_id, vehicle_id, tare_weight_kg, gross_weight_kg, net_weight_kg, is_empty_return, status, version, created_by_actor_type, created_by_actor_id, created_at_utc, updated_at_utc) VALUES ($1::VARCHAR, $2::VARCHAR, $3::VARCHAR, $4::VARCHAR, $5::VARCHAR, $6::VARCHAR, $7::VARCHAR, $8::VARCHAR, $9::VARCHAR, $10::INTEGER, $11::INTEGER, $12::INTEGER, $13::BOOLEAN, $14::VARCHAR, $15::INTEGER, $16::VARCHAR, $17::VARCHAR, $18::TIMESTAMP WITH TIME ZONE, $19::TIMESTAMP WITH TIME ZONE)]
[parameters: ('01JATENRICHMISSEVIDENCE001', 'TR-ENRICH-MISSING-EVIDENCE', 'TELEGRAM_TRIP_SLIP', 'SLIP-ENRICH-MISSING', 'telegram-message-enrich-missing', 'hash', 'SOURCE_IMPORT', 'driver-001', 'vehicle-001', 10000, 25000, 15000, False, 'PENDING_REVIEW', 1, 'SERVICE', 'worker-test', datetime.datetime(2026, 4, 12, 6, 35, 22, 387786, tzinfo=datetime.timezone.utc), datetime.datetime(2026, 4, 12, 6, 35, 22, 387786, tzinfo=datetime.timezone.utc))]
(Background on this error at: https://sqlalche.me/e/20/gkpj)
FAILED tests/test_workers.py::test_process_single_enrichment_leaves_ready_rows_without_retry - sqlalchemy.exc.IntegrityError: (sqlalchemy.dialects.postgresql.asyncpg.IntegrityError) <class 'asyncpg.exceptions.NotNullViolationError'>: null value in column "trip_datetime_utc" of relation "trip_trips" violates not-null constraint
DETAIL:  Failing row contains (01JATENRICHREADYROW000001, TR-ENRICH-READY, ADMIN_MANUAL, null, null, null, null, null, driver-001, vehicle-001, null, pair-001, route-001, null, null, null, null, null, null, null, null, null, null, null, f, PENDING_REVIEW, 1, MANAGER, manager-001, 2026-04-12 06:35:24.123819+00, 2026-04-12 06:35:24.123819+00, null, null).
[SQL: INSERT INTO trip_trips (id, trip_no, source_type, driver_id, vehicle_id, route_pair_id, route_id, is_empty_return, status, version, created_by_actor_type, created_by_actor_id, created_at_utc, updated_at_utc) VALUES ($1::VARCHAR, $2::VARCHAR, $3::VARCHAR, $4::VARCHAR, $5::VARCHAR, $6::VARCHAR, $7::VARCHAR, $8::BOOLEAN, $9::VARCHAR, $10::INTEGER, $11::VARCHAR, $12::VARCHAR, $13::TIMESTAMP WITH TIME ZONE, $14::TIMESTAMP WITH TIME ZONE)]
[parameters: ('01JATENRICHREADYROW000001', 'TR-ENRICH-READY', 'ADMIN_MANUAL', 'driver-001', 'vehicle-001', 'pair-001', 'route-001', False, 'PENDING_REVIEW', 1, 'MANAGER', 'manager-001', datetime.datetime(2026, 4, 12, 6, 35, 24, 123819, tzinfo=datetime.timezone.utc), datetime.datetime(2026, 4, 12, 6, 35, 24, 123819, tzinfo=datetime.timezone.utc))]
(Background on this error at: https://sqlalche.me/e/20/gkpj)
FAILED tests/test_workers.py::test_process_single_enrichment_stops_retrying_at_failure_ceiling - sqlalchemy.exc.IntegrityError: (sqlalchemy.dialects.postgresql.asyncpg.IntegrityError) <class 'asyncpg.exceptions.NotNullViolationError'>: null value in column "trip_datetime_utc" of relation "trip_trips" violates not-null constraint
DETAIL:  Failing row contains (01JATENRICHFAILCEIL000001, TR-ENRICH-FAIL-CEIL, TELEGRAM_TRIP_SLIP, SLIP-FAIL-CEIL, telegram-message-fail-ceil, hash, SOURCE_IMPORT, null, driver-001, vehicle-001, null, null, null, null, null, null, null, null, null, null, null, 10000, 25000, 15000, f, PENDING_REVIEW, 1, SERVICE, worker-test, 2026-04-12 06:35:25.763089+00, 2026-04-12 06:35:25.763089+00, null, null).
[SQL: INSERT INTO trip_trips (id, trip_no, source_type, source_slip_no, source_reference_key, source_payload_hash, review_reason_code, driver_id, vehicle_id, tare_weight_kg, gross_weight_kg, net_weight_kg, is_empty_return, status, version, created_by_actor_type, created_by_actor_id, created_at_utc, updated_at_utc) VALUES ($1::VARCHAR, $2::VARCHAR, $3::VARCHAR, $4::VARCHAR, $5::VARCHAR, $6::VARCHAR, $7::VARCHAR, $8::VARCHAR, $9::VARCHAR, $10::INTEGER, $11::INTEGER, $12::INTEGER, $13::BOOLEAN, $14::VARCHAR, $15::INTEGER, $16::VARCHAR, $17::VARCHAR, $18::TIMESTAMP WITH TIME ZONE, $19::TIMESTAMP WITH TIME ZONE)]
[parameters: ('01JATENRICHFAILCEIL000001', 'TR-ENRICH-FAIL-CEIL', 'TELEGRAM_TRIP_SLIP', 'SLIP-FAIL-CEIL', 'telegram-message-fail-ceil', 'hash', 'SOURCE_IMPORT', 'driver-001', 'vehicle-001', 10000, 25000, 15000, False, 'PENDING_REVIEW', 1, 'SERVICE', 'worker-test', datetime.datetime(2026, 4, 12, 6, 35, 25, 763089, tzinfo=datetime.timezone.utc), datetime.datetime(2026, 4, 12, 6, 35, 25, 763089, tzinfo=datetime.timezone.utc))]
(Background on this error at: https://sqlalche.me/e/20/gkpj)
FAILED tests/test_workers.py::test_publish_single_returns_false_when_claim_is_lost - sqlalchemy.exc.ProgrammingError: (sqlalchemy.dialects.postgresql.asyncpg.ProgrammingError) <class 'asyncpg.exceptions.UndefinedColumnError'>: column trip_outbox.causation_id does not exist
[SQL: SELECT trip_outbox.event_name, trip_outbox.partition_key, trip_outbox.payload_json, trip_outbox.schema_version, trip_outbox.aggregate_type, trip_outbox.aggregate_id, trip_outbox.attempt_count, trip_outbox.causation_id 
FROM trip_outbox 
WHERE trip_outbox.event_id = $1::VARCHAR AND trip_outbox.claim_token = $2::VARCHAR FOR UPDATE]
[parameters: ('missing-event', 'missing-claim')]
(Background on this error at: https://sqlalche.me/e/20/f405)
ERROR tests/test_workers.py::test_process_single_enrichment_marks_missing_evidence_failed - AttributeError: 'NoneType' object has no attribute 'send'
ERROR tests/test_workers.py::test_process_single_enrichment_leaves_ready_rows_without_retry - AttributeError: 'NoneType' object has no attribute 'send'
ERROR tests/test_workers.py::test_process_single_enrichment_stops_retrying_at_failure_ceiling - AttributeError: 'NoneType' object has no attribute 'send'
============= 12 failed, 7 passed, 4 warnings, 3 errors in 27.57s =============
